[www.proultimatewealth.com/index.html]
[backblue.gif]
[fade.gif]
[index.html]
[www.proultimatewealth.com/zh-CN.html]
[www.proultimatewealth.com/zh-TW.html]
[www.proultimatewealth.com/apple-touch-icon.png]
[www.proultimatewealth.com/favicon-32x32.png]
[www.proultimatewealth.com/favicon-16x16.png]
[www.proultimatewealth.com/site.webmanifest]
[www.proultimatewealth.com/_next/static/css/15c4ac05e7e4b2ee.css]
[www.proultimatewealth.com/_next/static/css/80202a1e19de8401.css]
[www.proultimatewealth.com/_next/static/chunks/polyfills-c67a75d1b6f99dc8.js]
[www.proultimatewealth.com/_next/static/chunks/webpack-9e55c742749a7e8e.js]
[www.proultimatewealth.com/_next/static/chunks/framework-40605f9fdf0fe0ab.js]
[www.proultimatewealth.com/_next/static/chunks/main-5f98169969dd4efe.js]
[www.proultimatewealth.com/_next/static/chunks/pages/_app-8e710ccee0fdf507.js]
[www.proultimatewealth.com/_next/static/chunks/2319-abc142f4b491c919.js]
[www.proultimatewealth.com/_next/static/chunks/3740-32c9b61137f99653.js]
[www.proultimatewealth.com/_next/static/chunks/pages/index-8408f866f6057d37.js]
[www.proultimatewealth.com/_next/static/IJ4W5ZAInQQYEYjn_Et_D/_buildManifest.js]
[www.proultimatewealth.com/_next/static/IJ4W5ZAInQQYEYjn_Et_D/_ssgManifest.js]
[www.proultimatewealth.com/accounts/promos.html]
[www.proultimatewealth.com/trading/options.html]
[www.proultimatewealth.com/_next/accolades23-24_hero_option_blue2c4b.png]
[www.proultimatewealth.com/_next/hero_1clickfbdf.png]
[www.proultimatewealth.com/accounts/acat-transfer.html]
[www.proultimatewealth.com/_next/home_ban_optioncardf23f.png]
[www.proultimatewealth.com/_next/static/media/app_ios_light.69857d2e.svg]
[www.proultimatewealth.com/_next/static/media/app_android_light.436ed7cd.svg]
[www.proultimatewealth.com/_next/hero_mob_ios20-EN6a91.png]
[www.proultimatewealth.com/_next/retirement-hero0ce3.jpg]
[www.proultimatewealth.com/trading/pricing.html]
[www.proultimatewealth.com/accounts/retirement.html]
[www.proultimatewealth.com/images/shared/icon-stocks.svg]
[www.proultimatewealth.com/trading/stocks.html]
[www.proultimatewealth.com/images/shared/icon-options.svg]
[www.proultimatewealth.com/images/shared/icon-mutualfunds.svg]
[www.proultimatewealth.com/trading/mutual-funds.html]
[www.proultimatewealth.com/_next/why_pricing82a3.png]
[www.proultimatewealth.com/_next/home_platform72d8.png]
[www.proultimatewealth.com/resources/navigator]
[www.proultimatewealth.com/resources/mobile.html]
[www.proultimatewealth.com/resources/options-wizard.html]
[www.proultimatewealth.com/_next/why_tradeideas8d86.png]
[www.proultimatewealth.com/resources/research-tools.html]
[www.proultimatewealth.com/_next/icon_med_2fa715f.png]
[www.proultimatewealth.com/_next/why_protectionecfe.png]
[www.proultimatewealth.com/_next/why_extendedhours2e0c.png]
[www.proultimatewealth.com/_next/why_learn4670.png]
[www.proultimatewealth.com/resources/webinars.html]
[www.proultimatewealth.com/_next/icon_supportfa1d.png]
[www.proultimatewealth.com/_next/accolades23_web_stockbroker_mobc310.png]
[www.proultimatewealth.com/_next/accolades23_web_stockbroker1161.png]
[www.proultimatewealth.com/support/contact/email.html]
[www.proultimatewealth.com/about.html]
[www.proultimatewealth.com/careers.html]
[www.proultimatewealth.com/press.html]
[www.proultimatewealth.com/support/contact.html]
[www.proultimatewealth.com/support/forms.html]
[www.proultimatewealth.com/support/funding.html]
[www.proultimatewealth.com/accounts/international.html]
[www.proultimatewealth.com/resources/tax-center.html]
[www.proultimatewealth.com/legal/terms.html]
[www.proultimatewealth.com/legal/privacy.html]
[www.proultimatewealth.com/legal/accessibility.html]
[www.proultimatewealth.com/legal/business-continuity.html]
[www.proultimatewealth.com/legal/order-routing.html]
[www.proultimatewealth.com/_next/static/media/app_ios.1ed9e534.svg]
[www.proultimatewealth.com/_next/static/media/app_android.c52f7d81.svg]
[www.proultimatewealth.com/trading/etfs.html]
[www.proultimatewealth.com/index.html]
[www.proultimatewealth.com/forms/en-us/margin_disclosured1a4.pdf]
[www.proultimatewealth.com/zh-CN/accounts/promos.html]
[www.proultimatewealth.com/forms/en-us/margin_applicationa4d0.pdf]
[www.proultimatewealth.com/_next/hero_1clickd98d.png]
[www.proultimatewealth.com/zh-CN/accounts/acat-transfer.html]
[www.proultimatewealth.com/zh-CN/trading/options.html]
[www.proultimatewealth.com/_next/accolades23-24_hero_option_blue1b29.png]
[www.proultimatewealth.com/_next/home_ban_optioncard7c93.png]
[www.proultimatewealth.com/_next/static/media/android-apk-CN-light.ea5fe035.svg]
[www.proultimatewealth.com/_next/hero_mob_ios20-CN2e5c.png]
[www.proultimatewealth.com/zh-CN/trading/pricing.html]
[www.proultimatewealth.com/zh-CN/accounts/retirement.html]
[www.proultimatewealth.com/zh-CN/trading/stocks.html]
[www.proultimatewealth.com/zh-CN/trading/mutual-funds.html]
[www.proultimatewealth.com/zh-CN/resources/navigator]
[www.proultimatewealth.com/zh-CN/resources/mobile.html]
[www.proultimatewealth.com/zh-CN/resources/options-wizard.html]
[www.proultimatewealth.com/zh-CN/resources/research-tools.html]
[www.proultimatewealth.com/zh-CN/resources/webinars.html]
[www.proultimatewealth.com/_next/accolades23_web_stockbroker_mob6605.png]
[www.proultimatewealth.com/_next/accolades23_web_stockbrokerfdd0.png]
[www.proultimatewealth.com/zh-CN/support/contact/email.html]
[www.proultimatewealth.com/zh-CN/about.html]
[www.proultimatewealth.com/zh-CN/careers.html]
[www.proultimatewealth.com/zh-CN/press.html]
[www.proultimatewealth.com/zh-CN/support/contact.html]
[www.proultimatewealth.com/zh-CN/support/forms.html]
[www.proultimatewealth.com/zh-CN/support/funding.html]
[www.proultimatewealth.com/zh-CN/accounts/international.html]
[www.proultimatewealth.com/zh-CN/resources/tax-center.html]
[www.proultimatewealth.com/zh-CN/legal/terms.html]
[www.proultimatewealth.com/zh-CN/legal/privacy.html]
[www.proultimatewealth.com/zh-CN/legal/accessibility.html]
[www.proultimatewealth.com/zh-CN/legal/business-continuity.html]
[www.proultimatewealth.com/zh-CN/legal/order-routing.html]
[www.proultimatewealth.com/zh-CN/trading/etfs.html]
[www.proultimatewealth.com/zh-CN.html]
[www.proultimatewealth.com/forms/zh-cn/margin_disclosured1a4.pdf]
[www.proultimatewealth.com/zh-TW/accounts/promos.html]
[www.proultimatewealth.com/_next/hero_1click6027.png]
[www.proultimatewealth.com/zh-TW/accounts/acat-transfer.html]
[www.proultimatewealth.com/zh-TW/trading/options.html]
[www.proultimatewealth.com/_next/accolades23-24_hero_option_bluea3b1.png]
[www.proultimatewealth.com/_next/home_ban_optioncarda7b4.png]
[www.proultimatewealth.com/forms/zh-cn/margin_applicationa4d0.pdf]
[www.proultimatewealth.com/_next/static/media/android-apk-TW-light.964c13fe.svg]
[www.proultimatewealth.com/_next/hero_mob_ios20-TWa9e1.png]
[www.proultimatewealth.com/zh-TW/trading/pricing.html]
[www.proultimatewealth.com/zh-TW/accounts/retirement.html]
[www.proultimatewealth.com/zh-TW/trading/stocks.html]
[www.proultimatewealth.com/zh-TW/trading/mutual-funds.html]
[www.proultimatewealth.com/zh-TW/resources/navigator]
[www.proultimatewealth.com/zh-TW/resources/mobile.html]
[www.proultimatewealth.com/zh-TW/resources/options-wizard.html]
[www.proultimatewealth.com/zh-TW/resources/research-tools.html]
[www.proultimatewealth.com/zh-TW/resources/webinars.html]
[www.proultimatewealth.com/_next/accolades23_web_stockbroker_mob4900.png]
[www.proultimatewealth.com/_next/accolades23_web_stockbroker088e.png]
[www.proultimatewealth.com/zh-TW/support/contact/email.html]
[www.proultimatewealth.com/zh-TW/about.html]
[www.proultimatewealth.com/zh-TW/careers.html]
[www.proultimatewealth.com/zh-TW/press.html]
[www.proultimatewealth.com/zh-TW/support/contact.html]
[www.proultimatewealth.com/zh-TW/support/forms.html]
[www.proultimatewealth.com/zh-TW/support/funding.html]
[www.proultimatewealth.com/zh-TW/accounts/international.html]
[www.proultimatewealth.com/zh-TW/resources/tax-center.html]
[www.proultimatewealth.com/zh-TW/legal/terms.html]
[www.proultimatewealth.com/zh-TW/legal/privacy.html]
[www.proultimatewealth.com/zh-TW/legal/accessibility.html]
[www.proultimatewealth.com/zh-TW/legal/business-continuity.html]
[www.proultimatewealth.com/zh-TW/legal/order-routing.html]
[www.proultimatewealth.com/zh-TW/trading/etfs.html]
[www.proultimatewealth.com/zh-TW.html]
[www.proultimatewealth.com/images/csr_lg_makingstrides.jpg]
[www.proultimatewealth.com/images/csr_sm_japan.jpg]
[www.proultimatewealth.com/images/csr_sm_relay.jpg]
[www.proultimatewealth.com/forms/zh-tw/margin_disclosured1a4.pdf]
[www.proultimatewealth.com/images/img_palettes.jpg]
[www.proultimatewealth.com/images/lending-hero.jpg]
[www.proultimatewealth.com/images/marginloan-hero.png]
[www.proultimatewealth.com/images/shared/hero_1600x500_ira_1.jpg]
[www.proultimatewealth.com/forms/zh-tw/margin_applicationa4d0.pdf]
[www.proultimatewealth.com/images/shared/hero_bg_wallstreet.png]
[www.proultimatewealth.com/images/shared/ira-sidebarbg.png]
[www.proultimatewealth.com/images/freeacat_hero1.png]
[www.proultimatewealth.com/images/optionswizard-bg.png]
[www.proultimatewealth.com/images/shared/research-tools-bg.png]
[www.proultimatewealth.com/_next/static/css/15c4ac05e7e4b2ee.css]
[www.proultimatewealth.com/_next/static/css/80202a1e19de8401.css]
[p.typekit.net/p075b.css]
[www.proultimatewealth.com/_next/static/css/bfd0f407005ab2b3.css]
[www.proultimatewealth.com/_next/static/chunks/7826-d71b2697316781a0.js]
[www.proultimatewealth.com/_next/static/chunks/pages/accounts/promos-8023b11f310aaf89.js]
[www.proultimatewealth.com/_next/icon_SM_ira_no_fees7476.png]
[www.proultimatewealth.com/_next/icon_SM_ira_no_minimum9674.png]
[www.proultimatewealth.com/_next/icon_SM_ira_no_commission6178.png]
[www.proultimatewealth.com/_next/icon_SM_ira_acctprotection06f9.png]
[www.proultimatewealth.com/_next/icon_SM_ira_acctprotectione284.png]
[www.proultimatewealth.com/_next/icon_SM_ira_no_fees16ff.png]
[www.proultimatewealth.com/_next/icon_SM_ira_no_minimum0d6d.png]
[www.proultimatewealth.com/_next/icon_SM_ira_no_commission3ed5.png]
[www.proultimatewealth.com/_next/promo_250_c0b31ca2ff4e85.png]
[www.proultimatewealth.com/_next/promo_25_a08fee900aa708.png]
[www.proultimatewealth.com/accounts/promos.html]
[www.proultimatewealth.com/accounts/wire-fee-rebate.html]
[www.proultimatewealth.com/_next/static/chunks/pages/trading/options-1840b2f9d18dd3bf.js]
[www.proultimatewealth.com/_next/ban-options2b49.png]
[www.proultimatewealth.com/_next/home_feat_platform22c713.png]
[www.proultimatewealth.com/_next/icon_med_option_app_rolloption481b.png]
[www.proultimatewealth.com/_next/web_optionscard_blurbd906.png]
[www.proultimatewealth.com/_next/optionsplay_hero2cc0.png]
[www.proultimatewealth.com/_next/why_learn009d.png]
[www.proultimatewealth.com/_next/icon_med_ideas00d7.png]
[www.proultimatewealth.com/_next/why_protection5201.png]
[www.proultimatewealth.com/_next/why_extendedhoursad2f.png]
[www.proultimatewealth.com/trading/options.html]
[www.proultimatewealth.com/_next/static/chunks/3646-188d4ad1d08dc2e0.js]
[www.proultimatewealth.com/_next/static/chunks/pages/accounts/acat-transfer-8f1f76fc6e93c5b4.js]
[www.proultimatewealth.com/accounts/acat-transfer.html]
[www.proultimatewealth.com/_next/static/media/app_ios_light.69857d2e.svg]
[www.proultimatewealth.com/_next/static/media/app_android_light.436ed7cd.svg]
[www.proultimatewealth.com/_data_image/jpeg;base64,/9j/2wBDAAoHBwgHBgoICAgLCgoLDhgQDg0NDh0VFhEYIx8lJCI/2wBDAQoLCw4NDhwQEBw7KCIoOzs7Ozs7Ozs7Ozs7Ozs7Ozs/wAARCAADAAgDASIAAhEBAxEB/8QAFQABAQAAAAAAAAAAAAAAAAAAAAb/Z_.1c.delaye]
[www.proultimatewealth.com/_next/static/media/transferrebatepill.42dd510a.svg]
[www.proultimatewealth.com/_next/static/css/06d3252c32c6aab2.css]
[www.proultimatewealth.com/_data_image/jpeg;base64,/9j/2wBDAAoHBwgHBgoICAgLCgoLDhgQDg0NDh0VFhEYIx8lJCI/2wBDAQoLCw4NDhwQEBw7KCIoOzs7Ozs7Ozs7Ozs7Ozs7Ozs/wAARCAADAAgDASIAAhEBAxEB/8QAFQABAQAAAAAAAAAAAAAAAAAAAAb/Z_.bb.delaye]
[www.proultimatewealth.com/_next/static/chunks/1110-014ab593f90d045b.js]
[www.proultimatewealth.com/_next/static/chunks/224-5c67d56617bae692.js]
[www.proultimatewealth.com/_next/static/chunks/pages/trading/pricing-f26c27e06a47633a.js]
[www.proultimatewealth.com/trading/pricing/margin-rates.html]
[www.proultimatewealth.com/trading/pricing/special-services.html]
[www.proultimatewealth.com/trading/pricing/broker-comparison.html]
[www.proultimatewealth.com/images/icon_help.svg]
[www.proultimatewealth.com/images/shared/icon-email.svg]
[www.proultimatewealth.com/trading/pricing.html]
[www.proultimatewealth.com/images/shared/icon-phone.svg]
[www.proultimatewealth.com/_next/static/css/ed22753945cbef0b.css]
[www.proultimatewealth.com/_next/static/chunks/7104-052d93ef64d97400.js]
[www.proultimatewealth.com/_next/static/chunks/pages/accounts/retirement-edc51dfd9e74e478.js]
[www.proultimatewealth.com/accounts/retirement/ira.html]
[www.proultimatewealth.com/accounts/retirement/roth.html]
[www.proultimatewealth.com/accounts/retirement/rollover.html]
[www.proultimatewealth.com/accounts/retirement/traditional-vs-roth.html]
[www.proultimatewealth.com/accounts/retirement/rollover-401k.html]
[www.proultimatewealth.com/accounts/business.html]
[www.proultimatewealth.com/accounts/education.html]
[www.proultimatewealth.com/_next/retirement-resources-15dd1.jpg]
[www.proultimatewealth.com/_next/retirement-resources-26c29.jpg]
[www.proultimatewealth.com/accounts/retirement/tax-free-vs-tax-deferred.html]
[www.proultimatewealth.com/_next/retirement-resources-34ca6.jpg]
[www.proultimatewealth.com/accounts/retirement.html]
[www.proultimatewealth.com/images/shared/icon-stocks.svg]
[www.proultimatewealth.com/_next/static/chunks/pages/trading/stocks-8ed5c72e443f74d0.js]
[www.proultimatewealth.com/_next/stocks-heroebb7.png]
[www.proultimatewealth.com/trading/dividend-reinvestment.html]
[www.proultimatewealth.com/trading/securities-lending.html]
[www.proultimatewealth.com/_next/accolade-1bbcf.png]
[www.proultimatewealth.com/_next/accolade-2541a.png]
[www.proultimatewealth.com/trading/stocks.html]
[www.proultimatewealth.com/images/shared/icon-options.svg]
[www.proultimatewealth.com/images/shared/icon-mutualfunds.svg]
[www.proultimatewealth.com/_next/static/chunks/pages/trading/mutual-funds-632e4da3fe21bca0.js]
[www.proultimatewealth.com/_next/mutual-funds-herodc24.png]
[www.proultimatewealth.com/_next/mutual-funds-14270.png]
[www.proultimatewealth.com/_next/mutual-funds-2719d.png]
[www.proultimatewealth.com/_next/mutual-funds-359f9.png]
[www.proultimatewealth.com/_next/mutual-funds-4ee61.png]
[www.proultimatewealth.com/trading/mutual-funds.html]
[www.proultimatewealth.com/resources/navigator.html]
[www.proultimatewealth.com/_next/static/css/ae4ed9c503fd1e33.css]
[www.proultimatewealth.com/_next/static/chunks/9331-0a097e602a383ff5.js]
[www.proultimatewealth.com/_next/static/chunks/9002-dde4be0216504b19.js]
[www.proultimatewealth.com/_next/static/chunks/pages/resources/mobile-3324b025f78e504f.js]
[www.proultimatewealth.com/_next/hero_pub_2phones5870.png]
[www.proultimatewealth.com/_next/05_research_ovff16.jpg]
[www.proultimatewealth.com/_next/07_fund_ov981d.png]
[www.proultimatewealth.com/resources/mobile.html]
[www.proultimatewealth.com/_next/static/css/3e55e411c07b7d1e.css]
[www.proultimatewealth.com/_next/static/chunks/pages/resources/options-wizard-e5c9c29060a3e953.js]
[www.proultimatewealth.com/_next/options-wizard-hero23e3.png]
[www.proultimatewealth.com/_next/analyzer_scr_sm174ea.png]
[www.proultimatewealth.com/_next/0xg9susb_720_952a117fa12cee.jpg]
[www.proultimatewealth.com/_next/te65fnky_720_0fae4796184a52.jpg]
[www.proultimatewealth.com/_next/gyd7r5fk_720_4a238a53b3da51.jpg]
[www.proultimatewealth.com/resources/options-wizard.html]
[www.proultimatewealth.com/_next/static/css/d565af51d91a0f84.css]
[www.proultimatewealth.com/_next/static/chunks/pages/resources/research-tools-8075a0b1f59d3e24.js]
[www.proultimatewealth.com/images/shared/logo_tradingcentral.svg]
[www.proultimatewealth.com/images/shared/logo_morningstar.svg]
[www.proultimatewealth.com/_next/hero_rtools8fab.png]
[www.proultimatewealth.com/_next/img_med_rtools_tech_insight87d2.png]
[www.proultimatewealth.com/_next/icon_med_rtools_vid2e766.png]
[www.proultimatewealth.com/_next/img_med_rtools_sectors79c3.png]
[www.proultimatewealth.com/_next/img_med_rtools_news73b5.png]
[www.proultimatewealth.com/_next/img_med_rtools_stratbuild15413.png]
[www.proultimatewealth.com/_next/img_med_rtools_stratbuild29ade.png]
[www.proultimatewealth.com/_next/img_med_rtools_cal12d46.png]
[www.proultimatewealth.com/_next/img_med_rtools_cal2fc9e.png]
[www.proultimatewealth.com/_next/img_med_rtools_cal3a709.png]
[www.proultimatewealth.com/_next/img_med_rtools_cal3560c.png]
[www.proultimatewealth.com/_next/img_med_rtools_cal17a9f.png]
[www.proultimatewealth.com/_next/img_med_rtools_cal2ad5f.png]
[www.proultimatewealth.com/_next/img_med_rtools_analystreportb0cb.png]
[www.proultimatewealth.com/resources/research-tools.html]
[www.proultimatewealth.com/_next/static/chunks/1854-45e1cc17feab5998.js]
[www.proultimatewealth.com/_next/static/chunks/pages/resources/webinars-338b228babc36748.js]
[www.proultimatewealth.com/_next/ban_event_mktov_tue_d91bb8e2c32a2a.png]
[www.proultimatewealth.com/_next/webinar_optionseducation_c5696304497262.png]
[www.proultimatewealth.com/resources/webinars.html]
[www.proultimatewealth.com/images/top.svg]
[www.proultimatewealth.com/support/contact/email.html]
[www.proultimatewealth.com/_next/static/chunks/pages/support/contact/email-f210c4c6eb9bc5f2.js]
[www.proultimatewealth.com/_next/static/chunks/pages/about-5e409022e03ff004.js]
[www.proultimatewealth.com/_next/icon_chevron_logo0310.png]
[www.proultimatewealth.com/history.html]
[www.proultimatewealth.com/corporate-responsibility.html]
[www.proultimatewealth.com/_next/accolades23-24_hero_option_bluefc47.png]
[www.proultimatewealth.com/about.html]
[www.proultimatewealth.com/careers.html]
[www.proultimatewealth.com/_next/static/chunks/pages/careers-ed564b9924387852.js]
[www.proultimatewealth.com/_next/static/css/b3b3e43bcaf0728c.css]
[www.proultimatewealth.com/_next/static/chunks/pages/press-449759aa1270158e.js]
[www.proultimatewealth.com/_next/press_logos_ap_453535d8f8761f.png]
[www.proultimatewealth.com/press/pr20240229.html]
[www.proultimatewealth.com/_next/press_logos_seekingalpha_fcde51b1a170f9.png]
[www.proultimatewealth.com/press/pr20240213.html]
[www.proultimatewealth.com/_next/press_logos_yahoo_e168c18238f6b0.png]
[www.proultimatewealth.com/press/pr20240112.html]
[www.proultimatewealth.com/_next/press_logos_marketinsider_2a4195c8f49dad.png]
[www.proultimatewealth.com/press/pr20231019.html]
[www.proultimatewealth.com/_next/press_logos_marketwatch_b47276ad8e4464.png]
[www.proultimatewealth.com/press/pr20230927.html]
[www.proultimatewealth.com/_next/press_logos_benzinga_1d1085bbc1e927.png]
[www.proultimatewealth.com/press/pr20221019.html]
[www.proultimatewealth.com/_next/ap_logo_7f22961d0fe8d1.png]
[www.proultimatewealth.com/press/pr20210915.html]
[www.proultimatewealth.com/_next/press_logos_benzinga_e548642508c0e9.png]
[www.proultimatewealth.com/press.html]
[www.proultimatewealth.com/press/pr202109.html]
[www.proultimatewealth.com/_next/static/css/a82388986fab21bf.css]
[www.proultimatewealth.com/_next/static/chunks/pages/support/contact-6a0c7e0b7136a1c5.js]
[www.proultimatewealth.com/images/icon_email.svg]
[www.proultimatewealth.com/images/icon_phone.svg]
[www.proultimatewealth.com/images/icon_fax.svg]
[www.proultimatewealth.com/images/transfers.svg]
[www.proultimatewealth.com/images/ira.svg]
[www.proultimatewealth.com/images/trading.svg]
[www.proultimatewealth.com/support/contact.html]
[www.proultimatewealth.com/images/options.svg]
[www.proultimatewealth.com/_next/static/css/8563a082662e2f49.css]
[www.proultimatewealth.com/_next/static/chunks/pages/support/forms-2726c4aa310271ba.js]
[www.proultimatewealth.com/support/forms.html]
[www.proultimatewealth.com/_next/static/css/8f0c9824de6005c8.css]
[www.proultimatewealth.com/_next/static/chunks/pages/support/funding-1d9c3daab35d9a94.js]
[www.proultimatewealth.com/support/funding/wire.html]
[www.proultimatewealth.com/support/funding/acat.html]
[www.proultimatewealth.com/support/funding/check.html]
[www.proultimatewealth.com/support/funding.html]
[www.proultimatewealth.com/_next/static/css/25f5c2d94ff4c238.css]
[www.proultimatewealth.com/_next/static/chunks/pages/accounts/international-5f609f36d08feba2.js]
[www.proultimatewealth.com/forms/en-us/achform3379.pdf]
[www.proultimatewealth.com/_next/ban_med_intlaccts34d7.png]
[www.proultimatewealth.com/images/shared/icon_fullsuite.svg]
[www.proultimatewealth.com/images/shared/icon_platforms.svg]
[www.proultimatewealth.com/_next/icon_38yrscc72.png]
[www.proultimatewealth.com/images/shared/sipc_logo.svg]
[www.proultimatewealth.com/_next/icon_serviceb1bb.png]
[www.proultimatewealth.com/images/shared/morningstar_logo.svg]
[www.proultimatewealth.com/images/shared/icon_paperless.svg]
[www.proultimatewealth.com/accounts/international.html]
[www.proultimatewealth.com/images/shared/icon_0comm.svg]
[www.proultimatewealth.com/_next/static/chunks/3527-94c71d2e5cac4e39.js]
[www.proultimatewealth.com/_next/static/chunks/pages/resources/tax-center-7ea06ef478aceef8.js]
[www.proultimatewealth.com/resources/tax-center/forms.html]
[www.proultimatewealth.com/resources/tax-center/other/0.html]
[www.proultimatewealth.com/resources/tax-center/capital-gains-losses.html]
[www.proultimatewealth.com/resources/tax-center/wash-sales.html]
[www.proultimatewealth.com/resources/tax-center/other/2.html]
[www.proultimatewealth.com/_next/turbotax-logoa541.png]
[www.proultimatewealth.com/_next/gainskeeper-logo964d.png]
[www.proultimatewealth.com/resources/tax-center/cost-basis.html]
[www.proultimatewealth.com/resources/tax-center/short-sales.html]
[www.proultimatewealth.com/resources/tax-center/long-vs-short-term.html]
[www.proultimatewealth.com/resources/tax-center/calendar.html]
[www.proultimatewealth.com/resources/tax-center/tax-lots.html]
[www.proultimatewealth.com/resources/tax-center/other.html]
[www.proultimatewealth.com/resources/tax-center/faqs.html]
[www.proultimatewealth.com/resources/tax-center.html]
[www.proultimatewealth.com/resources/tax-center/tax-season-faq.html]
[www.proultimatewealth.com/legal/terms.html]
[www.proultimatewealth.com/_next/static/chunks/pages/legal/[slug]-678fb220202d1259.js]
[www.proultimatewealth.com/legal/privacy.html]
[www.proultimatewealth.com/legal/accessibility.html]
[www.proultimatewealth.com/legal/business-continuity.html]
[www.proultimatewealth.com/legal/order-routing.html]
[www.proultimatewealth.com/_next/static/media/social-facebook.28534315.svg]
[www.proultimatewealth.com/_next/static/media/social-twitter.15a06301.svg]
[www.proultimatewealth.com/_next/static/media/social-youtube.45aabdf1.svg]
[www.proultimatewealth.com/_next/static/media/app_ios.1ed9e534.svg]
[www.proultimatewealth.com/_next/static/media/app_android.c52f7d81.svg]
[www.proultimatewealth.com/_next/static/css/3bea5029f2dab13f.css]
[www.proultimatewealth.com/_next/static/chunks/pages/trading/etfs-ccd68359de3f696e.js]
[www.proultimatewealth.com/images/en-us/etf-hero.svg]
[www.proultimatewealth.com/_next/etf16a13.png]
[www.proultimatewealth.com/_next/etf117d3.png]
[www.proultimatewealth.com/_next/etf2d9f0.png]
[www.proultimatewealth.com/_next/etf2eed9.png]
[www.proultimatewealth.com/_next/etf3c190.png]
[www.proultimatewealth.com/forms/en-us/privacy_policyb08e.pdf]
[www.proultimatewealth.com/_next/etf3d065.png]
[www.proultimatewealth.com/_next/accolade-12d88.png]
[www.proultimatewealth.com/_next/accolade-15010.png]
[www.proultimatewealth.com/_next/accolade-2d358.png]
[www.proultimatewealth.com/trading/etfs.html]
[www.proultimatewealth.com/_next/icon_SM_ira_no_feesb84a.png]
[www.proultimatewealth.com/_next/icon_SM_ira_no_minimumafd4.png]
[www.proultimatewealth.com/_next/icon_SM_ira_no_commission8e5f.png]
[www.proultimatewealth.com/_next/icon_SM_ira_no_fees7def.png]
[www.proultimatewealth.com/_next/icon_SM_ira_no_minimum1c4f.png]
[www.proultimatewealth.com/_next/icon_SM_ira_no_commissionb3c1.png]
[www.proultimatewealth.com/zh-CN/accounts/promos.html]
[www.proultimatewealth.com/zh-CN/accounts/wire-fee-rebate.html]
[www.proultimatewealth.com/zh-CN/accounts/acat-transfer.html]
[www.proultimatewealth.com/_next/static/media/transferrebatepill.b882527d.svg]
[www.proultimatewealth.com/_next/web_optionscard_blurbcb56.png]
[www.proultimatewealth.com/zh-CN/trading/options.html]
[www.proultimatewealth.com/_next/static/media/android-apk-CN-light.ea5fe035.svg]
[www.proultimatewealth.com/zh-CN/trading/pricing/margin-rates.html]
[www.proultimatewealth.com/zh-CN/trading/pricing/special-services.html]
[www.proultimatewealth.com/zh-CN/trading/pricing.html]
[www.proultimatewealth.com/zh-CN/trading/pricing/broker-comparison.html]
[www.proultimatewealth.com/zh-CN/accounts/retirement/ira.html]
[www.proultimatewealth.com/zh-CN/accounts/retirement/roth.html]
[www.proultimatewealth.com/zh-CN/accounts/retirement/rollover.html]
[www.proultimatewealth.com/zh-CN/accounts/retirement/traditional-vs-roth.html]
[www.proultimatewealth.com/zh-CN/accounts/retirement/rollover-401k.html]
[www.proultimatewealth.com/zh-CN/accounts/business.html]
[www.proultimatewealth.com/zh-CN/accounts/education.html]
[www.proultimatewealth.com/zh-CN/accounts/retirement.html]
[www.proultimatewealth.com/zh-CN/accounts/retirement/tax-free-vs-tax-deferred.html]
[www.proultimatewealth.com/zh-CN/trading/dividend-reinvestment.html]
[www.proultimatewealth.com/zh-CN/trading/securities-lending.html]
[www.proultimatewealth.com/_next/accolade-139b0.png]
[www.proultimatewealth.com/_next/accolade-28fff.png]
[www.proultimatewealth.com/zh-CN/trading/stocks.html]
[www.proultimatewealth.com/zh-CN/trading/mutual-funds.html]
[www.proultimatewealth.com/zh-CN/resources/navigator.html]
[www.proultimatewealth.com/_next/05_research_ov7583.png]
[www.proultimatewealth.com/_next/07_fund_ovba7a.png]
[www.proultimatewealth.com/zh-CN/resources/mobile.html]
[www.proultimatewealth.com/_next/analyzer_scr_sm163ce.png]
[www.proultimatewealth.com/_next/591fb9g7_720_97c44e03d59d0f.jpg]
[www.proultimatewealth.com/_next/h62uw1f4_720_4f23b3dcfefa08.jpg]
[www.proultimatewealth.com/_next/gc4tsxhn_720_680e1057fb777f.jpg]
[www.proultimatewealth.com/_next/lnt04f5i_720_1b77e4a184dc8c.jpg]
[www.proultimatewealth.com/_next/591fb9g7_720_0e84d5a1b77483.jpg]
[www.proultimatewealth.com/zh-CN/resources/options-wizard.html]
[www.proultimatewealth.com/_next/hero_rtoolsde97.png]
[www.proultimatewealth.com/_next/img_med_rtools_tech_insightf581.png]
[www.proultimatewealth.com/_next/icon_med_rtools_vid2eb12.png]
[www.proultimatewealth.com/_next/img_med_rtools_sectorsfc66.png]
[www.proultimatewealth.com/_next/img_med_rtools_news6dd1.png]
[www.proultimatewealth.com/_next/img_med_rtools_stratbuild179ae.png]
[www.proultimatewealth.com/_next/img_med_rtools_stratbuild2da6e.png]
[www.proultimatewealth.com/_next/img_med_rtools_cal156a6.png]
[www.proultimatewealth.com/_next/img_med_rtools_cal2acf7.png]
[www.proultimatewealth.com/_next/img_med_rtools_cal31f27.png]
[www.proultimatewealth.com/_next/img_med_rtools_cal3cdfc.png]
[www.proultimatewealth.com/_next/img_med_rtools_cal1581e.png]
[www.proultimatewealth.com/_next/img_med_rtools_cal2f4db.png]
[www.proultimatewealth.com/_next/img_med_rtools_analystreport0db3.png]
[www.proultimatewealth.com/zh-CN/resources/research-tools.html]
[www.proultimatewealth.com/_next/webinar_optionseducation_CN_b71603157f0c7c.png]
[www.proultimatewealth.com/zh-CN/resources/webinars.html]
[www.proultimatewealth.com/zh-CN/support/contact/email.html]
[www.proultimatewealth.com/zh-CN/history.html]
[www.proultimatewealth.com/zh-CN/corporate-responsibility.html]
[www.proultimatewealth.com/_next/accolades23-24_hero_option_blue05bd.png]
[www.proultimatewealth.com/zh-CN/about.html]
[www.proultimatewealth.com/zh-CN/careers.html]
[www.proultimatewealth.com/_next/press_logos_yahoofin_hk_d779b9d9882b8a.png]
[www.proultimatewealth.com/zh-CN/press/pr20240213.html]
[www.proultimatewealth.com/_next/press_logos_moneyudn_adddd7a3fc1b6a.png]
[www.proultimatewealth.com/zh-CN/press/pr20240112.html]
[www.proultimatewealth.com/_next/press_logos_morningstar_5320753e7b68cc.png]
[www.proultimatewealth.com/zh-CN/press/pr20231019.html]
[www.proultimatewealth.com/_next/press_logos_yahoofin_zh_07afa4dd3c7955.png]
[www.proultimatewealth.com/zh-CN/press/pr20230927.html]
[www.proultimatewealth.com/_next/press_logos_firstrade_ba8d65bff844c9.png]
[www.proultimatewealth.com/zh-CN/press/pr20221019.html]
[www.proultimatewealth.com/zh-CN/press/pr20210915.html]
[www.proultimatewealth.com/zh-CN/press.html]
[www.proultimatewealth.com/zh-CN/press/pr190529.html]
[www.proultimatewealth.com/images/icon_wechat.svg]
[www.proultimatewealth.com/_next/wechat_qr9ba0.jpg]
[www.proultimatewealth.com/zh-CN/support/contact.html]
[www.proultimatewealth.com/zh-CN/support/forms.html]
[www.proultimatewealth.com/zh-CN/support/funding/wire.html]
[www.proultimatewealth.com/zh-CN/support/funding/acat.html]
[www.proultimatewealth.com/zh-CN/support/funding/check.html]
[www.proultimatewealth.com/zh-CN/support/funding.html]
[www.proultimatewealth.com/zh-CN/accounts/international.html]
[www.proultimatewealth.com/zh-CN/resources/tax-center/forms.html]
[www.proultimatewealth.com/zh-CN/resources/tax-center/other/0.html]
[www.proultimatewealth.com/zh-CN/resources/tax-center/capital-gains-losses.html]
[www.proultimatewealth.com/forms/zh-cn/achform3379.pdf]
[www.proultimatewealth.com/zh-CN/resources/tax-center/wash-sales.html]
[www.proultimatewealth.com/zh-CN/resources/tax-center/other/2.html]
[www.proultimatewealth.com/zh-CN/resources/tax-center/cost-basis.html]
[www.proultimatewealth.com/zh-CN/resources/tax-center/short-sales.html]
[www.proultimatewealth.com/zh-CN/resources/tax-center/long-vs-short-term.html]
[www.proultimatewealth.com/zh-CN/resources/tax-center/calendar.html]
[www.proultimatewealth.com/zh-CN/resources/tax-center/tax-lots.html]
[www.proultimatewealth.com/zh-CN/resources/tax-center/faqs.html]
[www.proultimatewealth.com/zh-CN/resources/tax-center.html]
[www.proultimatewealth.com/zh-CN/legal/terms.html]
[www.proultimatewealth.com/zh-CN/legal/privacy.html]
[www.proultimatewealth.com/zh-CN/legal/accessibility.html]
[www.proultimatewealth.com/zh-CN/legal/business-continuity.html]
[www.proultimatewealth.com/zh-CN/legal/order-routing.html]
[www.proultimatewealth.com/zh-CN/resources/tax-center/tax-season-faq.html]
[www.proultimatewealth.com/images/zh-cn/etf-hero.svg]
[www.proultimatewealth.com/_next/accolade-1e315.png]
[www.proultimatewealth.com/_next/accolade-1d229.png]
[www.proultimatewealth.com/_next/accolade-265fd.png]
[www.proultimatewealth.com/zh-CN/trading/etfs.html]
[www.proultimatewealth.com/_next/icon_SM_ira_no_fees63b2.png]
[www.proultimatewealth.com/_next/icon_SM_ira_no_minimum1ec6.png]
[www.proultimatewealth.com/zh-CN/resources/tax-center/other.html]
[www.proultimatewealth.com/_next/icon_SM_ira_no_commission2800.png]
[www.proultimatewealth.com/_next/icon_SM_ira_no_feesebb5.png]
[www.proultimatewealth.com/_next/icon_SM_ira_no_minimum8f28.png]
[www.proultimatewealth.com/_next/icon_SM_ira_no_commissiona8e4.png]
[www.proultimatewealth.com/zh-TW/accounts/promos.html]
[www.proultimatewealth.com/zh-TW/accounts/wire-fee-rebate.html]
[www.proultimatewealth.com/zh-TW/accounts/acat-transfer.html]
[www.proultimatewealth.com/_next/static/media/transferrebatepill.4bfc2a9e.svg]
[www.proultimatewealth.com/_next/web_optionscard_blurbabc9.png]
[www.proultimatewealth.com/zh-TW/trading/options.html]
[www.proultimatewealth.com/_next/static/media/android-apk-TW-light.964c13fe.svg]
[www.proultimatewealth.com/zh-TW/trading/pricing/margin-rates.html]
[www.proultimatewealth.com/zh-TW/trading/pricing/special-services.html]
[www.proultimatewealth.com/zh-TW/trading/pricing.html]
[www.proultimatewealth.com/zh-TW/trading/pricing/broker-comparison.html]
[www.proultimatewealth.com/zh-TW/accounts/retirement/ira.html]
[www.proultimatewealth.com/zh-TW/accounts/retirement/roth.html]
[www.proultimatewealth.com/zh-TW/accounts/retirement/rollover.html]
[www.proultimatewealth.com/zh-TW/accounts/retirement/traditional-vs-roth.html]
[www.proultimatewealth.com/zh-TW/accounts/retirement/rollover-401k.html]
[www.proultimatewealth.com/zh-TW/accounts/business.html]
[www.proultimatewealth.com/zh-TW/accounts/education.html]
[www.proultimatewealth.com/zh-TW/accounts/retirement.html]
[www.proultimatewealth.com/zh-TW/accounts/retirement/tax-free-vs-tax-deferred.html]
[www.proultimatewealth.com/zh-TW/trading/dividend-reinvestment.html]
[www.proultimatewealth.com/zh-TW/trading/securities-lending.html]
[www.proultimatewealth.com/_next/accolade-19534.png]
[www.proultimatewealth.com/_next/accolade-24d9e.png]
[www.proultimatewealth.com/zh-TW/trading/stocks.html]
[www.proultimatewealth.com/zh-TW/trading/mutual-funds.html]
[www.proultimatewealth.com/zh-TW/resources/navigator.html]
[www.proultimatewealth.com/zh-TW/resources/mobile.html]
[www.proultimatewealth.com/_next/analyzer_scr_sm11fd4.png]
[www.proultimatewealth.com/zh-TW/resources/options-wizard.html]
[www.proultimatewealth.com/_next/hero_rtoolsbd5a.png]
[www.proultimatewealth.com/_next/img_med_rtools_tech_insightc221.png]
[www.proultimatewealth.com/_next/icon_med_rtools_vid299d1.png]
[www.proultimatewealth.com/_next/img_med_rtools_sectors806f.png]
[www.proultimatewealth.com/_next/img_med_rtools_news81e6.png]
[www.proultimatewealth.com/_next/img_med_rtools_stratbuild12542.png]
[www.proultimatewealth.com/_next/img_med_rtools_stratbuild2d935.png]
[www.proultimatewealth.com/_next/img_med_rtools_cal13ee3.png]
[www.proultimatewealth.com/_next/img_med_rtools_cal2f4d8.png]
[www.proultimatewealth.com/_next/img_med_rtools_cal394e9.png]
[www.proultimatewealth.com/_next/img_med_rtools_cal33d66.png]
[www.proultimatewealth.com/_next/img_med_rtools_cal12188.png]
[www.proultimatewealth.com/_next/img_med_rtools_cal2cddc.png]
[www.proultimatewealth.com/_next/img_med_rtools_analystreport4734.png]
[www.proultimatewealth.com/zh-TW/resources/research-tools.html]
[www.proultimatewealth.com/_next/webinar_optionseducation_TW_26d99c61e629d4.png]
[www.proultimatewealth.com/zh-TW/resources/webinars.html]
[www.proultimatewealth.com/zh-TW/support/contact/email.html]
[www.proultimatewealth.com/zh-TW/history.html]
[www.proultimatewealth.com/zh-TW/corporate-responsibility.html]
[www.proultimatewealth.com/_next/accolades23-24_hero_option_blue6015.png]
[www.proultimatewealth.com/zh-TW/about.html]
[www.proultimatewealth.com/zh-TW/careers.html]
[www.proultimatewealth.com/zh-TW/press/pr20240213.html]
[www.proultimatewealth.com/zh-TW/press/pr20240112.html]
[www.proultimatewealth.com/zh-TW/press/pr20231019.html]
[www.proultimatewealth.com/zh-TW/press/pr20230927.html]
[www.proultimatewealth.com/zh-TW/press/pr20221019.html]
[www.proultimatewealth.com/zh-TW/press/pr20210915.html]
[www.proultimatewealth.com/zh-TW/press/pr190723.html]
[www.proultimatewealth.com/zh-TW/press.html]
[www.proultimatewealth.com/zh-TW/support/contact.html]
[www.proultimatewealth.com/zh-TW/support/forms.html]
[www.proultimatewealth.com/zh-TW/press/pr190529.html]
[www.proultimatewealth.com/zh-TW/support/funding/wire.html]
[www.proultimatewealth.com/zh-TW/support/funding/acat.html]
[www.proultimatewealth.com/zh-TW/support/funding/check.html]
[www.proultimatewealth.com/zh-TW/support/funding.html]
[www.proultimatewealth.com/zh-TW/accounts/international.html]
[www.proultimatewealth.com/zh-CN/press/pr190723.html]
[www.proultimatewealth.com/zh-TW/resources/tax-center/forms.html]
[www.proultimatewealth.com/zh-TW/resources/tax-center/other/0.html]
[www.proultimatewealth.com/forms/zh-tw/achform3379.pdf]
[www.proultimatewealth.com/zh-TW/resources/tax-center/capital-gains-losses.html]
[www.proultimatewealth.com/zh-TW/resources/tax-center/wash-sales.html]
[www.proultimatewealth.com/zh-TW/resources/tax-center/other/2.html]
[www.proultimatewealth.com/zh-TW/resources/tax-center/cost-basis.html]
[www.proultimatewealth.com/zh-TW/resources/tax-center/short-sales.html]
[www.proultimatewealth.com/zh-TW/resources/tax-center/long-vs-short-term.html]
[www.proultimatewealth.com/zh-TW/resources/tax-center/calendar.html]
[www.proultimatewealth.com/zh-TW/resources/tax-center/tax-lots.html]
[www.proultimatewealth.com/zh-TW/resources/tax-center/other.html]
[www.proultimatewealth.com/zh-TW/resources/tax-center/faqs.html]
[www.proultimatewealth.com/zh-TW/resources/tax-center.html]
[www.proultimatewealth.com/zh-TW/legal/terms.html]
[www.proultimatewealth.com/zh-TW/legal/privacy.html]
[www.proultimatewealth.com/zh-TW/legal/accessibility.html]
[www.proultimatewealth.com/zh-TW/legal/business-continuity.html]
[www.proultimatewealth.com/zh-TW/legal/order-routing.html]
[www.proultimatewealth.com/zh-TW/resources/tax-center/tax-season-faq.html]
[www.proultimatewealth.com/images/zh-tw/etf-hero.svg]
[www.proultimatewealth.com/_next/accolade-124d9.png]
[www.proultimatewealth.com/_next/accolade-173f4.png]
[www.proultimatewealth.com/_next/accolade-20a3f.png]
[www.proultimatewealth.com/zh-TW/trading/etfs.html]
[www.proultimatewealth.com/_next/static/css/bfd0f407005ab2b3.css]
[www.proultimatewealth.com/_next/static/css/4db8eb3b9648815a.css]
[www.proultimatewealth.com/_next/static/chunks/pages/accounts/wire-fee-rebate-d3244b0974cf13cd.js]
[www.proultimatewealth.com/_next/img_wirefee7cde.png]
[www.proultimatewealth.com/accounts/wire-fee-rebate.html]
[www.proultimatewealth.com/_next/static/css/68a3deb30f0be319.css]
[www.proultimatewealth.com/_next/static/media/transferrebatepill.42dd510a.svg]
[www.proultimatewealth.com/_data_image/jpeg;base64,/9j/2wBDAAoHBwgHBgoICAgLCgoLDhgQDg0NDh0VFhEYIx8lJCI/2wBDAQoLCw4NDhwQEBw7KCIoOzs7Ozs7Ozs7Ozs7Ozs7Ozs/wAARCAADAAgDASIAAhEBAxEB/8QAFQABAQAAAAAAAAAAAAAAAAAAAAb/Z_.bb.delaye]
[www.proultimatewealth.com/_next/static/css/06d3252c32c6aab2.css]
[www.proultimatewealth.com/_next/static/chunks/pages/trading/pricing/margin-rates-35ec6b1a62d0956d.js]
[www.proultimatewealth.com/trading/pricing/margin-rates.html]
[www.proultimatewealth.com/_next/static/chunks/pages/trading/pricing/special-services-a47e008ec2e9d711.js]
[www.proultimatewealth.com/forms/en-us/fdic_sweep_programe31b.pdf]
[www.proultimatewealth.com/trading/pricing/special-services.html]
[www.proultimatewealth.com/trading/pricing/broker-comparison.html]
[www.proultimatewealth.com/images/icon_help.svg]
[www.proultimatewealth.com/images/shared/icon-email.svg]
[www.proultimatewealth.com/images/shared/icon-phone.svg]
[www.proultimatewealth.com/_next/static/chunks/pages/trading/pricing/broker-comparison-fa97016bc3b04e84.js]
[www.proultimatewealth.com/images/retirement-hero.jpg]
[www.proultimatewealth.com/_next/static/css/ed22753945cbef0b.css]
[www.proultimatewealth.com/_next/static/css/d8481f82ae895183.css]
[www.proultimatewealth.com/accounts/retirement/ira.html]
[www.proultimatewealth.com/_next/static/chunks/pages/accounts/retirement/ira-b7c461ab1a400ba9.js]
[www.proultimatewealth.com/_next/static/css/f26d23f55ff5d00d.css]
[www.proultimatewealth.com/forms/en-us/exception_fees90a0.pdf]
[www.proultimatewealth.com/accounts/retirement/roth.html]
[www.proultimatewealth.com/_next/static/chunks/pages/accounts/retirement/roth-29b0a6f15f1cdf87.js]
[www.proultimatewealth.com/_next/static/css/951bffa16db452fd.css]
[www.proultimatewealth.com/_next/static/chunks/pages/accounts/retirement/rollover-e137b7d82a71ea85.js]
[www.proultimatewealth.com/images/rollover2.svg]
[www.proultimatewealth.com/accounts/retirement/rollover.html]
[www.proultimatewealth.com/images/rollover3.svg]
[www.proultimatewealth.com/_next/static/css/aef4ab34d46a9a65.css]
[www.proultimatewealth.com/accounts/retirement/traditional-vs-roth.html]
[www.proultimatewealth.com/_next/static/chunks/pages/accounts/retirement/traditional-vs-roth-82ab2ac8c8332a30.js]
[www.proultimatewealth.com/_next/static/css/893d0ff4fcda59a0.css]
[www.proultimatewealth.com/_next/static/chunks/pages/accounts/retirement/rollover-401k-e0fbf44b4424e14a.js]
[www.proultimatewealth.com/accounts/retirement/rollover-401k.html]
[www.proultimatewealth.com/trading.html]
[www.proultimatewealth.com/_next/static/css/690d49905b9f45f2.css]
[www.proultimatewealth.com/accounts/business.html]
[www.proultimatewealth.com/_next/static/chunks/pages/accounts/business-f6408874c69287d3.js]
[www.proultimatewealth.com/_next/static/css/1847b3f7cb21ea1c.css]
[www.proultimatewealth.com/accounts/education.html]
[www.proultimatewealth.com/_next/static/chunks/pages/accounts/education-c169478c5bac062a.js]
[www.proultimatewealth.com/_next/static/css/ecab3962d1ff0045.css]
[www.proultimatewealth.com/accounts/retirement/tax-free-vs-tax-deferred.html]
[www.proultimatewealth.com/_next/static/chunks/pages/accounts/retirement/tax-free-vs-tax-deferred-227c4defbf04bfbf.js]
[www.proultimatewealth.com/trading/dividend-reinvestment.html]
[www.proultimatewealth.com/_next/static/chunks/pages/trading/dividend-reinvestment-ebe83182178da2ed.js]
[www.proultimatewealth.com/_next/static/chunks/pages/trading/securities-lending-e2d1f1c853daa4a6.js]
[www.proultimatewealth.com/images/lending-icon-1.svg]
[www.proultimatewealth.com/images/lending-icon-2.svg]
[www.proultimatewealth.com/trading/securities-lending.html]
[www.proultimatewealth.com/_next/static/css/ae4ed9c503fd1e33.css]
[www.proultimatewealth.com/_next/static/media/play.78c54137.svg]
[www.proultimatewealth.com/_next/static/css/3e55e411c07b7d1e.css]
[www.proultimatewealth.com/images/green-check.svg]
[www.proultimatewealth.com/_next/static/css/d565af51d91a0f84.css]
[www.proultimatewealth.com/images/shared/logo_tradingcentral.svg]
[www.proultimatewealth.com/images/shared/logo_morningstar.svg]
[www.proultimatewealth.com/_next/static/css/90d5235baf748c56.css]
[www.proultimatewealth.com/images/lending-icon-3.svg]
[www.proultimatewealth.com/history.html]
[www.proultimatewealth.com/_next/static/chunks/pages/history-5779aa8891fc1ceb.js]
[www.proultimatewealth.com/_next/static/chunks/pages/corporate-responsibility-49510c6f6f7e1b9b.js]
[www.proultimatewealth.com/_next/img_ian_relief79f7.jpg]
[www.proultimatewealth.com/_next/logo_makingstridesdea5.png]
[www.proultimatewealth.com/_next/logo_redcross57c5.png]
[www.proultimatewealth.com/_next/logo_acsb1a6.png]
[www.proultimatewealth.com/corporate-responsibility.html]
[www.proultimatewealth.com/_next/static/css/b3b3e43bcaf0728c.css]
[www.proultimatewealth.com/_next/static/css/8225b92ba5a290a3.css]
[www.proultimatewealth.com/_next/static/chunks/pages/press/[slug]-4f1b564408597b57.js]
[www.proultimatewealth.com/_next/press_screens_2024_0229_nasdaqcollab_e27aa77820ab8e.png]
[www.proultimatewealth.com/press/pr20240229.html]
[www.proultimatewealth.com/_next/press_screens_2024_0213_seekingalpha_9cc128e6c270c5.png]
[www.proultimatewealth.com/press/pr20240213.html]
[www.proultimatewealth.com/_next/press_screens_2024_0116_yahoo_c00a1d586da807.png]
[www.proultimatewealth.com/press/pr20240112.html]
[www.proultimatewealth.com/_next/press_screens_2023_1018_marketinsider_c71ce0a27f053b.png]
[www.proultimatewealth.com/press/pr20231019.html]
[www.proultimatewealth.com/_next/press_screens_2023_mw_270383dba28d4d.png]
[www.proultimatewealth.com/press/pr20230927.html]
[www.proultimatewealth.com/press/pr20221019.html]
[www.proultimatewealth.com/press/pr20210915.html]
[www.proultimatewealth.com/_next/press_screens_2021_benzinga_19dd3b1aea5055.png]
[ft-strapi.s3.us-east-2.amazonaws.com/benzinga_report_screenshot_66d1e152a1.png]
[www.proultimatewealth.com/press/pr202109.html]
[www.proultimatewealth.com/_next/static/css/a82388986fab21bf.css]
[www.proultimatewealth.com/images/icon_email.svg]
[www.proultimatewealth.com/images/icon_phone.svg]
[www.proultimatewealth.com/images/icon_fax.svg]
[www.proultimatewealth.com/images/docs.svg]
[www.proultimatewealth.com/images/transfers.svg]
[www.proultimatewealth.com/images/profile.svg]
[www.proultimatewealth.com/images/ira.svg]
[www.proultimatewealth.com/images/trading.svg]
[www.proultimatewealth.com/images/options.svg]
[www.proultimatewealth.com/_next/static/css/8563a082662e2f49.css]
[www.proultimatewealth.com/images/shared/icon-info.svg]
[www.proultimatewealth.com/_next/static/css/8f0c9824de6005c8.css]
[www.proultimatewealth.com/support/funding/wire.html]
[www.proultimatewealth.com/_next/static/chunks/pages/support/funding/wire-9dab162cbd555b31.js]
[www.proultimatewealth.com/_next/static/chunks/pages/support/funding/acat-38e474e5843ad91d.js]
[www.proultimatewealth.com/support/funding/acat.html]
[www.proultimatewealth.com/forms/en-us/ira_journal_request.pdf]
[www.proultimatewealth.com/_next/static/chunks/pages/support/funding/check-7c420adb39fe2bb1.js]
[www.proultimatewealth.com/support/funding/check.html]
[www.proultimatewealth.com/_next/static/css/25f5c2d94ff4c238.css]
[www.proultimatewealth.com/images/shared/icon_fullsuite.svg]
[www.proultimatewealth.com/images/shared/icon_platforms.svg]
[www.proultimatewealth.com/forms/en-us/internal_transfer.pdf]
[www.proultimatewealth.com/images/shared/sipc_logo_white_.svg]
[www.proultimatewealth.com/images/shared/sipc_logo.svg]
[www.proultimatewealth.com/images/shared/morningstar_logo.svg]
[www.proultimatewealth.com/images/shared/icon_paperless.svg]
[www.proultimatewealth.com/images/shared/icon_0comm.svg]
[www.proultimatewealth.com/_next/static/chunks/8001-5f3624a60595d72f.js]
[www.proultimatewealth.com/forms/en-us/transfer_forma4d0.pdf]
[www.proultimatewealth.com/_next/static/chunks/pages/resources/tax-center/[...slug]-40e2ca1a9a90254a.js]
[www.proultimatewealth.com/resources/tax-center/forms.html]
[www.proultimatewealth.com/resources/tax-center/other/0.html]
[www.proultimatewealth.com/resources/tax-center/capital-gains-losses.html]
[www.proultimatewealth.com/resources/tax-center/wash-sales.html]
[www.proultimatewealth.com/resources/tax-center/other/2.html]
[www.proultimatewealth.com/resources/tax-center/cost-basis.html]
[www.proultimatewealth.com/resources/tax-center/short-sales.html]
[www.proultimatewealth.com/resources/tax-center/long-vs-short-term.html]
[www.proultimatewealth.com/resources/tax-center/calendar.html]
[www.proultimatewealth.com/resources/tax-center/tax-lots.html]
[www.proultimatewealth.com/resources/tax-center/other.html]
[www.proultimatewealth.com/resources/tax-center/faqs.html]
[www.proultimatewealth.com/resources/tax-center/tax-season-faq.html]
[www.proultimatewealth.com/_next/static/css/3bea5029f2dab13f.css]
[www.proultimatewealth.com/images/en-us/etf-hero.svg]
[www.proultimatewealth.com/zh-CN/accounts/wire-fee-rebate.html]
[www.proultimatewealth.com/_next/static/media/transferrebatepill.b882527d.svg]
[www.proultimatewealth.com/forms/en-us/w-8i2281.pdf]
[www.proultimatewealth.com/zh-CN/trading/pricing/margin-rates.html]
[www.proultimatewealth.com/zh-CN/trading/pricing/special-services.html]
[www.proultimatewealth.com/zh-CN/trading/pricing/broker-comparison.html]
[www.proultimatewealth.com/zh-CN/accounts/retirement/ira.html]
[www.proultimatewealth.com/zh-CN/accounts/retirement/roth.html]
[www.proultimatewealth.com/zh-CN/accounts/retirement/rollover.html]
[www.proultimatewealth.com/zh-CN/accounts/retirement/traditional-vs-roth.html]
[www.proultimatewealth.com/forms/zh-cn/fdic_sweep_programe31b.pdf]
[www.proultimatewealth.com/forms/zh-cn/exception_fees90a0.pdf]
[www.proultimatewealth.com/zh-CN/accounts/retirement/rollover-401k.html]
[www.proultimatewealth.com/zh-CN/accounts/business.html]
[www.proultimatewealth.com/zh-CN/accounts/education.html]
[www.proultimatewealth.com/zh-CN/accounts/retirement/tax-free-vs-tax-deferred.html]
[www.proultimatewealth.com/zh-CN/trading/dividend-reinvestment.html]
[www.proultimatewealth.com/zh-CN/trading/securities-lending.html]
[www.proultimatewealth.com/zh-CN/history.html]
[www.proultimatewealth.com/zh-CN/corporate-responsibility.html]
[www.proultimatewealth.com/zh-CN/trading.html]
[www.proultimatewealth.com/_next/press_screens_2024_0216_yahooch_b40fc25d55bd0a.png]
[www.proultimatewealth.com/zh-CN/press/pr20240213.html]
[www.proultimatewealth.com/_next/press_screens_2024_0116_udn_1d63a9f02858ec.png]
[www.proultimatewealth.com/zh-CN/press/pr20240112.html]
[www.proultimatewealth.com/_next/press_screens_2023_1018_morningstar_9918db93a0315a.png]
[www.proultimatewealth.com/zh-CN/press/pr20231019.html]
[www.proultimatewealth.com/_next/press_screens_2023_yahooch_9c8fca311e125f.png]
[www.proultimatewealth.com/zh-CN/press/pr20230927.html]
[www.proultimatewealth.com/zh-CN/press/pr20221019.html]
[www.proultimatewealth.com/zh-CN/press/pr20210915.html]
[www.proultimatewealth.com/zh-CN/press/pr190723.html]
[www.proultimatewealth.com/press/pr190723.html]
[www.proultimatewealth.com/zh-CN/press/pr190529.html]
[www.proultimatewealth.com/images/icon_wechat.svg]
[www.proultimatewealth.com/zh-CN/support/funding/wire.html]
[www.proultimatewealth.com/press/pr190529.html]
[www.proultimatewealth.com/zh-CN/support/funding/acat.html]
[www.proultimatewealth.com/zh-CN/support/funding/check.html]
[www.proultimatewealth.com/zh-CN/resources/tax-center/forms.html]
[www.proultimatewealth.com/zh-CN/resources/tax-center/other/0.html]
[www.proultimatewealth.com/zh-CN/resources/tax-center/capital-gains-losses.html]
[www.proultimatewealth.com/zh-CN/resources/tax-center/wash-sales.html]
[www.proultimatewealth.com/zh-CN/resources/tax-center/other/2.html]
[www.proultimatewealth.com/zh-CN/resources/tax-center/cost-basis.html]
[www.proultimatewealth.com/zh-CN/resources/tax-center/short-sales.html]
[www.proultimatewealth.com/zh-CN/resources/tax-center/long-vs-short-term.html]
[www.proultimatewealth.com/zh-CN/resources/tax-center/calendar.html]
[www.proultimatewealth.com/zh-CN/resources/tax-center/tax-lots.html]
[www.proultimatewealth.com/zh-CN/resources/tax-center/other.html]
[www.proultimatewealth.com/zh-CN/resources/tax-center/faqs.html]
[www.proultimatewealth.com/zh-CN/resources/tax-center/tax-season-faq.html]
[www.proultimatewealth.com/images/zh-cn/etf-hero.svg]
[www.proultimatewealth.com/zh-TW/accounts/wire-fee-rebate.html]
[www.proultimatewealth.com/_next/static/media/transferrebatepill.4bfc2a9e.svg]
[www.proultimatewealth.com/forms/zh-cn/ira_journal_request.pdf]
[www.proultimatewealth.com/zh-TW/trading/pricing/margin-rates.html]
[www.proultimatewealth.com/forms/zh-tw/exception_fees90a0.pdf]
[www.proultimatewealth.com/zh-TW/trading/pricing/special-services.html]
[www.proultimatewealth.com/zh-TW/trading/pricing/broker-comparison.html]
[www.proultimatewealth.com/zh-TW/accounts/retirement/ira.html]
[www.proultimatewealth.com/zh-TW/accounts/retirement/roth.html]
[www.proultimatewealth.com/zh-TW/accounts/retirement/rollover.html]
[www.proultimatewealth.com/zh-TW/accounts/retirement/traditional-vs-roth.html]
[www.proultimatewealth.com/forms/zh-cn/transfer_forma4d0.pdf]
[www.proultimatewealth.com/forms/zh-cn/internal_transfer.pdf]
[www.proultimatewealth.com/forms/zh-tw/fdic_sweep_programe31b.pdf]
[www.proultimatewealth.com/zh-TW/accounts/retirement/rollover-401k.html]
[www.proultimatewealth.com/zh-TW/accounts/business.html]
[www.proultimatewealth.com/zh-TW/accounts/education.html]
[www.proultimatewealth.com/zh-TW/accounts/retirement/tax-free-vs-tax-deferred.html]
[www.proultimatewealth.com/zh-TW/trading/dividend-reinvestment.html]
[www.proultimatewealth.com/zh-TW/trading/securities-lending.html]
[www.proultimatewealth.com/zh-TW/history.html]
[www.proultimatewealth.com/zh-TW/corporate-responsibility.html]
[www.proultimatewealth.com/zh-TW/press/pr20240213.html]
[www.proultimatewealth.com/zh-TW/press/pr20240112.html]
[www.proultimatewealth.com/zh-TW/press/pr20231019.html]
[www.proultimatewealth.com/zh-TW/press/pr20230927.html]
[www.proultimatewealth.com/zh-TW/press/pr20221019.html]
[www.proultimatewealth.com/zh-TW/press/pr20210915.html]
[www.proultimatewealth.com/zh-TW/press/pr190723.html]
[www.proultimatewealth.com/zh-TW/press/pr190529.html]
[www.proultimatewealth.com/zh-TW/support/funding/wire.html]
[www.proultimatewealth.com/zh-TW/trading.html]
[www.proultimatewealth.com/zh-TW/support/funding/acat.html]
[www.proultimatewealth.com/zh-TW/support/funding/check.html]
[www.proultimatewealth.com/zh-TW/resources/tax-center/forms.html]
[www.proultimatewealth.com/zh-TW/resources/tax-center/other/0.html]
[www.proultimatewealth.com/zh-TW/resources/tax-center/capital-gains-losses.html]
[www.proultimatewealth.com/zh-TW/resources/tax-center/wash-sales.html]
[www.proultimatewealth.com/zh-TW/resources/tax-center/other/2.html]
[www.proultimatewealth.com/zh-TW/resources/tax-center/cost-basis.html]
[www.proultimatewealth.com/zh-TW/resources/tax-center/short-sales.html]
[www.proultimatewealth.com/zh-TW/resources/tax-center/long-vs-short-term.html]
[www.proultimatewealth.com/zh-TW/resources/tax-center/calendar.html]
[www.proultimatewealth.com/zh-TW/resources/tax-center/tax-lots.html]
[www.proultimatewealth.com/zh-TW/resources/tax-center/other.html]
[www.proultimatewealth.com/zh-TW/resources/tax-center/faqs.html]
[www.proultimatewealth.com/zh-TW/resources/tax-center/tax-season-faq.html]
[www.proultimatewealth.com/images/zh-tw/etf-hero.svg]
[www.proultimatewealth.com/_next/static/css/4db8eb3b9648815a.css]
[www.proultimatewealth.com/_next/static/css/d8481f82ae895183.css]
[www.proultimatewealth.com/_next/static/css/f26d23f55ff5d00d.css]
[www.proultimatewealth.com/_next/static/css/951bffa16db452fd.css]
[www.proultimatewealth.com/images/rollover1.svg]
[www.proultimatewealth.com/images/rollover2.svg]
[www.proultimatewealth.com/images/rollover3.svg]
[www.proultimatewealth.com/_next/static/css/aef4ab34d46a9a65.css]
[www.proultimatewealth.com/_next/static/css/893d0ff4fcda59a0.css]
[www.proultimatewealth.com/forms/zh-tw/ira_journal_request.pdf]
[www.proultimatewealth.com/forms/zh-tw/internal_transfer.pdf]
[www.proultimatewealth.com/_next/static/css/893474651c8634a8.css]
[www.proultimatewealth.com/_next/static/chunks/pages/trading-970c7868ed7f457c.js]
[www.proultimatewealth.com/_next/home_platform8c98.png]
[www.proultimatewealth.com/_next/home_platform4c37.png]
[www.proultimatewealth.com/images/shared/icon-etf.svg]
[www.proultimatewealth.com/images/shared/icon-fixedincome.svg]
[www.proultimatewealth.com/trading/fixed-income.html]
[www.proultimatewealth.com/forms/zh-tw/transfer_forma4d0.pdf]
[www.proultimatewealth.com/trading/margin-loans.html]
[www.proultimatewealth.com/trading/cash-management.html]
[www.proultimatewealth.com/_next/why_pricingb302.png]
[www.proultimatewealth.com/_next/why_pricinge944.png]
[www.proultimatewealth.com/_next/why_pricing31d4.png]
[www.proultimatewealth.com/trading.html]
[www.proultimatewealth.com/_next/static/css/690d49905b9f45f2.css]
[www.proultimatewealth.com/_next/static/css/1847b3f7cb21ea1c.css]
[www.proultimatewealth.com/_next/static/css/ecab3962d1ff0045.css]
[www.proultimatewealth.com/images/lending-icon-1.svg]
[www.proultimatewealth.com/images/lending-icon-2.svg]
[www.proultimatewealth.com/images/lending-icon-3.svg]
[www.proultimatewealth.com/_next/static/css/8225b92ba5a290a3.css]
[www.proultimatewealth.com/images/x.svg]
[www.proultimatewealth.com/images/shared/sipc_logo_white_.html]
[www.proultimatewealth.com/zh-CN/trading/fixed-income.html]
[www.proultimatewealth.com/zh-CN/trading/margin-loans.html]
[www.proultimatewealth.com/zh-CN/trading.html]
[www.proultimatewealth.com/press/pr190723.html]
[www.proultimatewealth.com/press/pr190529.html]
[www.proultimatewealth.com/zh-CN/trading/cash-management.html]
[www.proultimatewealth.com/zh-TW/trading/fixed-income.html]
[www.proultimatewealth.com/zh-TW/trading/margin-loans.html]
[www.proultimatewealth.com/zh-TW/trading.html]
[www.proultimatewealth.com/_next/static/css/893474651c8634a8.css]
[www.proultimatewealth.com/images/shared/icon-etf.svg]
[www.proultimatewealth.com/images/shared/icon-fixedincome.svg]
[www.proultimatewealth.com/zh-TW/trading/cash-management.html]
[www.proultimatewealth.com/_next/static/chunks/pages/trading/fixed-income-fa8de5a278339c24.js]
[www.proultimatewealth.com/_next/fixed-income-hero4948.png]
[www.proultimatewealth.com/trading/fixed-income.html]
[www.proultimatewealth.com/_next/static/css/5c7b817fb34f71e3.css]
[www.proultimatewealth.com/_next/static/chunks/pages/trading/margin-loans-afcf551f9dc8a85c.js]
[www.proultimatewealth.com/_next/margin1a840.png]
[www.proultimatewealth.com/_next/margin231d7.png]
[www.proultimatewealth.com/_next/margin3a9fa.png]
[www.proultimatewealth.com/resources/guides/margin.html]
[www.proultimatewealth.com/resources/guides/margin/margin-benefits.html]
[www.proultimatewealth.com/resources/guides/margin/margin-risks.html]
[www.proultimatewealth.com/_next/margin436e9.png]
[www.proultimatewealth.com/_next/margin5af32.png]
[www.proultimatewealth.com/_next/margin63f02.png]
[www.proultimatewealth.com/_next/margin74f63.png]
[www.proultimatewealth.com/trading/margin-loans.html]
[www.proultimatewealth.com/_next/static/css/1970177a016370b8.css]
[www.proultimatewealth.com/_next/static/chunks/3599-98baa1d6df480cfa.js]
[www.proultimatewealth.com/_next/static/chunks/pages/trading/cash-management-6877701584976144.js]
[www.proultimatewealth.com/images/shared/icon_SM__cma_debit2.svg]
[www.proultimatewealth.com/images/shared/icon_SM__cma_travel.svg]
[www.proultimatewealth.com/trading/cash-management.html]
[www.proultimatewealth.com/zh-CN/trading/fixed-income.html]
[www.proultimatewealth.com/images/shared/icon_SM__cma_service.svg]
[www.proultimatewealth.com/zh-CN/resources/guides/margin.html]
[www.proultimatewealth.com/zh-CN/resources/guides/margin/margin-benefits.html]
[www.proultimatewealth.com/zh-CN/trading/margin-loans.html]
[www.proultimatewealth.com/zh-CN/trading/cash-management.html]
[www.proultimatewealth.com/zh-TW/trading/fixed-income.html]
[www.proultimatewealth.com/zh-CN/resources/guides/margin/margin-risks.html]
[www.proultimatewealth.com/zh-TW/resources/guides/margin.html]
[www.proultimatewealth.com/zh-TW/resources/guides/margin/margin-benefits.html]
[www.proultimatewealth.com/zh-TW/trading/margin-loans.html]
[www.proultimatewealth.com/zh-TW/trading/cash-management.html]
[www.proultimatewealth.com/_next/static/css/5c7b817fb34f71e3.css]
[www.proultimatewealth.com/zh-TW/resources/guides/margin/margin-risks.html]
[www.proultimatewealth.com/_next/static/chunks/pages/resources/guides/margin-17c91e10a02ef97c.js]
[www.proultimatewealth.com/images/shared/margin-benefits.svg]
[www.proultimatewealth.com/images/shared/margin-risks.svg]
[www.proultimatewealth.com/images/shared/margin-requirements.svg]
[www.proultimatewealth.com/resources/guides/margin/margin-requirements.html]
[www.proultimatewealth.com/images/shared/margin-call.svg]
[www.proultimatewealth.com/resources/guides/margin/margin-call.html]
[www.proultimatewealth.com/images/shared/margin-buying-power.svg]
[www.proultimatewealth.com/resources/guides/margin/margin-buying-power.html]
[www.proultimatewealth.com/images/shared/margin-day-trading-rules.svg]
[www.proultimatewealth.com/resources/guides/margin/margin-day-trading-rules.html]
[www.proultimatewealth.com/resources/guides/margin/margin-vs-cash.html]
[www.proultimatewealth.com/resources/guides/margin/margin-short-selling.html]
[www.proultimatewealth.com/resources/guides/margin/margin-cash-account-trading-rules.html]
[www.proultimatewealth.com/resources/guides/margin/margin-requirement-scenarios.html]
[www.proultimatewealth.com/resources/guides/margin/margin-faq.html]
[www.proultimatewealth.com/resources/guides/margin.html]
[www.proultimatewealth.com/resources/guides/margin/margin-glossary.html]
[www.proultimatewealth.com/_next/static/chunks/pages/resources/guides/margin/[slug]-ad8c25fd21e800b2.js]
[www.proultimatewealth.com/resources/guides.html]
[www.proultimatewealth.com/resources/guides/margin/margin-intro.html]
[www.proultimatewealth.com/resources/guides/margin/margin-benefits.html]
[www.proultimatewealth.com/resources/guides/margin/margin-risks.html]
[www.proultimatewealth.com/resources/guides/margin/margin-special-requirements.html]
[www.proultimatewealth.com/images/shared/ban_medtall_cashmgt.jpg]
[www.proultimatewealth.com/_next/static/css/1970177a016370b8.css]
[www.proultimatewealth.com/images/shared/icon_SM__cma_debit2.svg]
[www.proultimatewealth.com/images/shared/icon_SM__cma_travel.svg]
[www.proultimatewealth.com/images/shared/icon_SM__cma_service.svg]
[www.proultimatewealth.com/zh-CN/resources/guides/margin/margin-requirements.html]
[www.proultimatewealth.com/zh-CN/resources/guides/margin/margin-call.html]
[www.proultimatewealth.com/zh-CN/resources/guides/margin/margin-buying-power.html]
[www.proultimatewealth.com/zh-CN/resources/guides/margin/margin-day-trading-rules.html]
[www.proultimatewealth.com/zh-CN/resources/guides/margin/margin-vs-cash.html]
[www.proultimatewealth.com/zh-CN/resources/guides/margin/margin-short-selling.html]
[www.proultimatewealth.com/zh-CN/resources/guides/margin/margin-cash-account-trading-rules.html]
[www.proultimatewealth.com/zh-CN/resources/guides/margin/margin-requirement-scenarios.html]
[www.proultimatewealth.com/zh-CN/resources/guides/margin/margin-faq.html]
[www.proultimatewealth.com/zh-CN/resources/guides/margin.html]
[www.proultimatewealth.com/zh-CN/resources/guides/margin/margin-glossary.html]
[www.proultimatewealth.com/zh-CN/resources/guides.html]
[www.proultimatewealth.com/zh-CN/resources/guides/margin/margin-intro.html]
[www.proultimatewealth.com/zh-CN/resources/guides/margin/margin-benefits.html]
[www.proultimatewealth.com/zh-CN/resources/guides/margin/margin-risks.html]
[www.proultimatewealth.com/zh-CN/resources/guides/margin/margin-special-requirements.html]
[www.proultimatewealth.com/zh-TW/resources/guides/margin/margin-requirements.html]
[www.proultimatewealth.com/zh-TW/resources/guides/margin/margin-call.html]
[www.proultimatewealth.com/zh-TW/resources/guides/margin/margin-buying-power.html]
[www.proultimatewealth.com/zh-TW/resources/guides/margin/margin-day-trading-rules.html]
[www.proultimatewealth.com/zh-TW/resources/guides/margin/margin-vs-cash.html]
[www.proultimatewealth.com/zh-TW/resources/guides/margin/margin-short-selling.html]
[www.proultimatewealth.com/zh-TW/resources/guides/margin/margin-cash-account-trading-rules.html]
[www.proultimatewealth.com/zh-TW/resources/guides/margin/margin-requirement-scenarios.html]
[www.proultimatewealth.com/zh-TW/resources/guides/margin/margin-faq.html]
[www.proultimatewealth.com/zh-TW/resources/guides/margin.html]
[www.proultimatewealth.com/zh-TW/resources/guides/margin/margin-glossary.html]
[www.proultimatewealth.com/zh-TW/resources/guides.html]
[www.proultimatewealth.com/zh-TW/resources/guides/margin/margin-intro.html]
[www.proultimatewealth.com/zh-TW/resources/guides/margin/margin-benefits.html]
[www.proultimatewealth.com/zh-TW/resources/guides/margin/margin-risks.html]
[www.proultimatewealth.com/images/shared/margin-benefits.svg]
[www.proultimatewealth.com/images/shared/margin-risks.svg]
[www.proultimatewealth.com/images/shared/margin-requirements.svg]
[www.proultimatewealth.com/zh-TW/resources/guides/margin/margin-special-requirements.html]
[www.proultimatewealth.com/resources/guides/margin/margin-requirements.html]
[www.proultimatewealth.com/images/shared/margin-call.svg]
[www.proultimatewealth.com/resources/guides/margin/margin-call.html]
[www.proultimatewealth.com/images/shared/margin-buying-power.svg]
[www.proultimatewealth.com/resources/guides/margin/margin-buying-power.html]
[www.proultimatewealth.com/images/shared/margin-day-trading-rules.svg]
[www.proultimatewealth.com/forms/en-us/nasd_notice-to-members.pdf]
[www.proultimatewealth.com/forms/en-us/nyse_information_memo_01.pdf]
[www.proultimatewealth.com/resources/guides/margin/margin-day-trading-rules.html]
[www.proultimatewealth.com/resources/guides/margin/margin-vs-cash.html]
[www.proultimatewealth.com/forms/en-us/day_trade_statement2e3e.pdf]
[www.proultimatewealth.com/resources/guides/margin/margin-short-selling.html]
[www.proultimatewealth.com/resources/guides/margin/margin-cash-account-trading-rules.html]
[www.proultimatewealth.com/resources/guides/margin/margin-requirement-scenarios.html]
[www.proultimatewealth.com/resources/guides/margin/margin-faq.html]
[www.proultimatewealth.com/resources/guides/margin/margin-glossary.html]
[www.proultimatewealth.com/resources/guides/margin/margin-good-faith-violation-90-day-restriction-scenarios.html]
[www.proultimatewealth.com/_next/static/css/c4017bffe08b7e82.css]
[www.proultimatewealth.com/_next/static/chunks/pages/resources/guides-52b2d785ddb22ce0.js]
[www.proultimatewealth.com/resources/guides/stocks/stocks-basics.html]
[www.proultimatewealth.com/resources/guides/options/getting-started-options.html]
[www.proultimatewealth.com/resources/guides/etfs/etfs-intro.html]
[www.proultimatewealth.com/resources/guides/mutual-funds/mutual-funds-intro.html]
[www.proultimatewealth.com/resources/guides/fixed-income/fixed-income-intro.html]
[www.proultimatewealth.com/images/icon_margin_a.svg]
[www.proultimatewealth.com/images/icon_glossary.svg]
[www.proultimatewealth.com/resources/guides.html]
[ft-strapi-prod.s3.us-east-2.amazonaws.com/margin4_benefit_c100d2f78a.svg]
[www.proultimatewealth.com/resources/guides/margin/margin-intro.html]
[www.proultimatewealth.com/resources/guides/margin/margin-special-requirements.html]
[www.proultimatewealth.com/zh-CN/resources/guides/margin/margin-requirements.html]
[www.proultimatewealth.com/zh-CN/resources/guides/margin/margin-call.html]
[www.proultimatewealth.com/zh-CN/resources/guides/margin/margin-buying-power.html]
[www.proultimatewealth.com/resources/guides/glossary/a.html]
[www.proultimatewealth.com/zh-CN/resources/guides/margin/margin-day-trading-rules.html]
[www.proultimatewealth.com/zh-CN/resources/guides/margin/margin-vs-cash.html]
[www.proultimatewealth.com/forms/zh-cn/day_trade_statementd095.pdf]
[www.proultimatewealth.com/zh-CN/resources/guides/margin/margin-short-selling.html]
[www.proultimatewealth.com/zh-CN/resources/guides/margin/margin-cash-account-trading-rules.html]
[www.proultimatewealth.com/zh-CN/resources/guides/margin/margin-requirement-scenarios.html]
[www.proultimatewealth.com/zh-CN/resources/guides/margin/margin-faq.html]
[www.proultimatewealth.com/zh-CN/resources/guides/margin/margin-glossary.html]
[www.proultimatewealth.com/zh-CN/resources/guides/margin/margin-good-faith-violation-90-day-restriction-scenarios.html]
[www.proultimatewealth.com/zh-CN/resources/guides/stocks/stocks-basics.html]
[www.proultimatewealth.com/zh-CN/resources/guides/options/getting-started-options.html]
[www.proultimatewealth.com/zh-CN/resources/guides/etfs/etfs-intro.html]
[www.proultimatewealth.com/zh-CN/resources/guides/mutual-funds/mutual-funds-intro.html]
[www.proultimatewealth.com/zh-CN/resources/guides/fixed-income/fixed-income-intro.html]
[www.proultimatewealth.com/zh-CN/resources/guides.html]
[www.proultimatewealth.com/zh-CN/resources/guides/margin/margin-intro.html]
[www.proultimatewealth.com/zh-CN/resources/guides/margin/margin-special-requirements.html]
[www.proultimatewealth.com/zh-TW/resources/guides/margin/margin-requirements.html]
[www.proultimatewealth.com/zh-TW/resources/guides/margin/margin-call.html]
[www.proultimatewealth.com/zh-TW/resources/guides/margin/margin-buying-power.html]
[www.proultimatewealth.com/zh-CN/resources/guides/glossary/a.html]
[www.proultimatewealth.com/zh-TW/resources/guides/margin/margin-day-trading-rules.html]
[www.proultimatewealth.com/zh-TW/resources/guides/margin/margin-vs-cash.html]
[www.proultimatewealth.com/forms/zh-tw/day_trade_statementd095.pdf]
[www.proultimatewealth.com/zh-TW/resources/guides/margin/margin-short-selling.html]
[www.proultimatewealth.com/zh-TW/resources/guides/margin/margin-cash-account-trading-rules.html]
[www.proultimatewealth.com/zh-TW/resources/guides/margin/margin-requirement-scenarios.html]
[www.proultimatewealth.com/zh-TW/resources/guides/margin/margin-faq.html]
[www.proultimatewealth.com/zh-TW/resources/guides/margin/margin-glossary.html]
[www.proultimatewealth.com/zh-TW/resources/guides/margin/margin-good-faith-violation-90-day-restriction-scenarios.html]
[www.proultimatewealth.com/zh-TW/resources/guides/stocks/stocks-basics.html]
[www.proultimatewealth.com/zh-TW/resources/guides/options/getting-started-options.html]
[www.proultimatewealth.com/zh-TW/resources/guides/etfs/etfs-intro.html]
[www.proultimatewealth.com/zh-TW/resources/guides/mutual-funds/mutual-funds-intro.html]
[www.proultimatewealth.com/zh-TW/resources/guides/fixed-income/fixed-income-intro.html]
[www.proultimatewealth.com/zh-TW/resources/guides.html]
[www.proultimatewealth.com/zh-TW/resources/guides/margin/margin-intro.html]
[www.proultimatewealth.com/zh-TW/resources/guides/margin/margin-special-requirements.html]
[ft-strapi-prod.s3.us-east-2.amazonaws.com/margin1_a062815886.svg]
[ft-strapi-prod.s3.us-east-2.amazonaws.com/margin3_c03434c2af.svg]
[ft-strapi-prod.s3.us-east-2.amazonaws.com/margin6_call_d843c49541.svg]
[ft-strapi-prod.s3.us-east-2.amazonaws.com/margin_shortsell_7c02ded3bb.svg]
[www.proultimatewealth.com/resources/guides/margin/margin-good-faith-violation-90-day-restriction-scenarios.html]
[www.proultimatewealth.com/_next/static/css/c4017bffe08b7e82.css]
[www.proultimatewealth.com/zh-TW/resources/guides/glossary/a.html]
[www.proultimatewealth.com/_next/static/chunks/pages/resources/guides/stocks/[slug]-13bef89d49c92ab2.js]
[www.proultimatewealth.com/resources/guides/stocks/investing-stocks.html]
[www.proultimatewealth.com/resources/guides/stocks/important-facts-stocks.html]
[www.proultimatewealth.com/resources/guides/stocks/stocks-basics.html]
[www.proultimatewealth.com/resources/guides/stocks/useful-knowledge.html]
[www.proultimatewealth.com/_next/static/chunks/pages/resources/guides/options/[slug]-13da15fef189e65e.js]
[www.proultimatewealth.com/resources/guides/options/introduction-options.html]
[www.proultimatewealth.com/resources/guides/options/options-pricing.html]
[www.proultimatewealth.com/resources/guides/options/benefits-risks.html]
[www.proultimatewealth.com/resources/guides/options/options-ebooks.html]
[www.proultimatewealth.com/resources/guides/options/getting-started-options.html]
[www.proultimatewealth.com/resources/guides/options/options-calculators.html]
[www.proultimatewealth.com/resources/guides/etfs/etfs-intro.html]
[www.proultimatewealth.com/_next/static/chunks/pages/resources/guides/etfs/[slug]-d48e0307e8364706.js]
[www.proultimatewealth.com/resources/guides/mutual-funds/mutual-funds-intro.html]
[www.proultimatewealth.com/_next/static/chunks/pages/resources/guides/mutual-funds/[slug]-26692f1f586d4889.js]
[www.proultimatewealth.com/resources/guides/fixed-income/fixed-income-intro.html]
[www.proultimatewealth.com/images/icon_margin_a.svg]
[www.proultimatewealth.com/images/icon_glossary.svg]
[www.proultimatewealth.com/_next/static/chunks/pages/resources/guides/fixed-income/[slug]-29dcfcd2931f3713.js]
[www.proultimatewealth.com/_next/static/css/0cfb1a843f41c21c.css]
[www.proultimatewealth.com/_next/static/chunks/pages/resources/guides/glossary/[slug]-0b70b61f496d9d7c.js]
[www.proultimatewealth.com/resources/guides/glossary/0.html]
[www.proultimatewealth.com/resources/guides/glossary/b.html]
[www.proultimatewealth.com/resources/guides/glossary/c.html]
[www.proultimatewealth.com/resources/guides/glossary/d.html]
[www.proultimatewealth.com/resources/guides/glossary/e.html]
[www.proultimatewealth.com/resources/guides/glossary/f.html]
[www.proultimatewealth.com/resources/guides/glossary/g.html]
[www.proultimatewealth.com/resources/guides/glossary/h.html]
[www.proultimatewealth.com/resources/guides/glossary/i.html]
[www.proultimatewealth.com/resources/guides/glossary/j.html]
[www.proultimatewealth.com/resources/guides/glossary/k.html]
[www.proultimatewealth.com/resources/guides/glossary/l.html]
[www.proultimatewealth.com/resources/guides/glossary/m.html]
[www.proultimatewealth.com/resources/guides/glossary/n.html]
[www.proultimatewealth.com/resources/guides/glossary/o.html]
[www.proultimatewealth.com/resources/guides/glossary/p.html]
[www.proultimatewealth.com/resources/guides/glossary/q.html]
[www.proultimatewealth.com/resources/guides/glossary/r.html]
[www.proultimatewealth.com/resources/guides/glossary/s.html]
[www.proultimatewealth.com/resources/guides/glossary/t.html]
[www.proultimatewealth.com/resources/guides/glossary/u.html]
[www.proultimatewealth.com/resources/guides/glossary/v.html]
[www.proultimatewealth.com/resources/guides/glossary/w.html]
[www.proultimatewealth.com/resources/guides/glossary/x.html]
[www.proultimatewealth.com/resources/guides/glossary/y.html]
[www.proultimatewealth.com/resources/guides/glossary/a.html]
[ft-strapi.s3.us-east-2.amazonaws.com/margin_shortsell_3847491d41.svg]
[www.proultimatewealth.com/zh-CN/resources/guides/margin/margin-good-faith-violation-90-day-restriction-scenarios.html]
[www.proultimatewealth.com/resources/guides/glossary/z.html]
[www.proultimatewealth.com/zh-CN/resources/guides/stocks/investing-stocks.html]
[www.proultimatewealth.com/zh-CN/resources/guides/stocks/important-facts-stocks.html]
[www.proultimatewealth.com/zh-CN/resources/guides/stocks/useful-knowledge.html]
[www.proultimatewealth.com/zh-CN/resources/guides/stocks/gics.html]
[www.proultimatewealth.com/zh-CN/resources/guides/stocks/tips.html]
[www.proultimatewealth.com/zh-CN/resources/guides/stocks/investment.html]
[www.proultimatewealth.com/zh-CN/resources/guides/stocks/make-money.html]
[www.proultimatewealth.com/zh-CN/resources/guides/stocks/debit.html]
[www.proultimatewealth.com/zh-CN/resources/guides/stocks/international-withdrawal.html]
[www.proultimatewealth.com/zh-CN/resources/guides/stocks/bondfund.html]
[www.proultimatewealth.com/zh-CN/resources/guides/stocks/financialmanagement.html]
[www.proultimatewealth.com/zh-CN/resources/guides/stocks/stocks-basics.html]
[www.proultimatewealth.com/zh-CN/resources/guides/stocks/stockinvesting.html]
[www.proultimatewealth.com/zh-CN/resources/guides/options/introduction-options.html]
[www.proultimatewealth.com/zh-CN/resources/guides/options/options-pricing.html]
[www.proultimatewealth.com/zh-CN/resources/guides/options/benefits-risks.html]
[www.proultimatewealth.com/zh-CN/resources/guides/options/options-ebooks.html]
[www.proultimatewealth.com/zh-CN/resources/guides/options/getting-started-options.html]
[www.proultimatewealth.com/zh-CN/resources/guides/options/options-calculators.html]
[www.proultimatewealth.com/zh-CN/resources/guides/etfs/buying.html]
[www.proultimatewealth.com/zh-CN/resources/guides/etfs/etfs-intro.html]
[www.proultimatewealth.com/zh-CN/resources/guides/etfs/etf-dividends.html]
[www.proultimatewealth.com/zh-CN/resources/guides/mutual-funds/investing.html]
[www.proultimatewealth.com/zh-CN/resources/guides/mutual-funds/guideentrymutualfund.html]
[www.proultimatewealth.com/zh-CN/resources/guides/mutual-funds/mutual-funds-intro.html]
[www.proultimatewealth.com/zh-CN/resources/guides/mutual-funds/guidemutualfundtype.html]
[www.proultimatewealth.com/zh-CN/resources/guides/fixed-income/bondfund.html]
[www.proultimatewealth.com/zh-CN/resources/guides/fixed-income/fixed-income-intro.html]
[www.proultimatewealth.com/zh-CN/resources/guides/fixed-income/bond-etf.html]
[www.proultimatewealth.com/zh-CN/resources/guides/glossary/0.html]
[www.proultimatewealth.com/zh-CN/resources/guides/glossary/b.html]
[www.proultimatewealth.com/zh-CN/resources/guides/glossary/c.html]
[www.proultimatewealth.com/zh-CN/resources/guides/glossary/d.html]
[www.proultimatewealth.com/zh-CN/resources/guides/glossary/e.html]
[www.proultimatewealth.com/zh-CN/resources/guides/glossary/f.html]
[www.proultimatewealth.com/zh-CN/resources/guides/glossary/g.html]
[www.proultimatewealth.com/zh-CN/resources/guides/glossary/h.html]
[www.proultimatewealth.com/zh-CN/resources/guides/glossary/i.html]
[www.proultimatewealth.com/zh-CN/resources/guides/glossary/j.html]
[www.proultimatewealth.com/zh-CN/resources/guides/glossary/k.html]
[www.proultimatewealth.com/zh-CN/resources/guides/glossary/l.html]
[www.proultimatewealth.com/zh-CN/resources/guides/glossary/m.html]
[www.proultimatewealth.com/zh-CN/resources/guides/glossary/n.html]
[www.proultimatewealth.com/zh-CN/resources/guides/glossary/o.html]
[www.proultimatewealth.com/zh-CN/resources/guides/glossary/p.html]
[www.proultimatewealth.com/zh-CN/resources/guides/glossary/q.html]
[www.proultimatewealth.com/zh-CN/resources/guides/glossary/r.html]
[www.proultimatewealth.com/zh-CN/resources/guides/glossary/s.html]
[www.proultimatewealth.com/zh-CN/resources/guides/glossary/t.html]
[www.proultimatewealth.com/zh-CN/resources/guides/glossary/u.html]
[www.proultimatewealth.com/zh-CN/resources/guides/glossary/v.html]
[www.proultimatewealth.com/zh-CN/resources/guides/glossary/w.html]
[www.proultimatewealth.com/zh-CN/resources/guides/glossary/x.html]
[www.proultimatewealth.com/zh-CN/resources/guides/glossary/y.html]
[www.proultimatewealth.com/zh-CN/resources/guides/glossary/a.html]
[ft-strapi.s3.us-east-2.amazonaws.com/margin_shortsell_0d96b52d19.svg]
[www.proultimatewealth.com/zh-TW/resources/guides/margin/margin-good-faith-violation-90-day-restriction-scenarios.html]
[www.proultimatewealth.com/zh-CN/resources/guides/glossary/z.html]
[www.proultimatewealth.com/zh-TW/resources/guides/stocks/investing-stocks.html]
[www.proultimatewealth.com/zh-TW/resources/guides/stocks/important-facts-stocks.html]
[www.proultimatewealth.com/zh-TW/resources/guides/stocks/useful-knowledge.html]
[www.proultimatewealth.com/zh-TW/resources/guides/stocks/gics.html]
[www.proultimatewealth.com/zh-TW/resources/guides/stocks/tips.html]
[www.proultimatewealth.com/zh-TW/resources/guides/stocks/investment.html]
[www.proultimatewealth.com/zh-TW/resources/guides/stocks/make-money.html]
[www.proultimatewealth.com/zh-TW/resources/guides/stocks/debit.html]
[www.proultimatewealth.com/zh-TW/resources/guides/stocks/international-withdrawal.html]
[www.proultimatewealth.com/zh-TW/resources/guides/stocks/bondfund.html]
[www.proultimatewealth.com/zh-TW/resources/guides/stocks/financialmanagement.html]
[www.proultimatewealth.com/zh-TW/resources/guides/stocks/stocks-basics.html]
[www.proultimatewealth.com/zh-TW/resources/guides/stocks/stockinvesting.html]
[www.proultimatewealth.com/zh-TW/resources/guides/options/introduction-options.html]
[www.proultimatewealth.com/zh-TW/resources/guides/options/options-pricing.html]
[www.proultimatewealth.com/zh-TW/resources/guides/options/benefits-risks.html]
[www.proultimatewealth.com/zh-TW/resources/guides/options/options-ebooks.html]
[www.proultimatewealth.com/zh-TW/resources/guides/options/getting-started-options.html]
[www.proultimatewealth.com/zh-TW/resources/guides/options/options-calculators.html]
[www.proultimatewealth.com/zh-TW/resources/guides/etfs/buying.html]
[www.proultimatewealth.com/zh-TW/resources/guides/etfs/etfs-intro.html]
[www.proultimatewealth.com/zh-TW/resources/guides/etfs/etf-dividends.html]
[www.proultimatewealth.com/zh-TW/resources/guides/mutual-funds/investing.html]
[www.proultimatewealth.com/zh-TW/resources/guides/mutual-funds/guideentrymutualfund.html]
[www.proultimatewealth.com/zh-TW/resources/guides/mutual-funds/mutual-funds-intro.html]
[www.proultimatewealth.com/zh-TW/resources/guides/mutual-funds/guidemutualfundtype.html]
[www.proultimatewealth.com/zh-TW/resources/guides/fixed-income/bondfund.html]
[www.proultimatewealth.com/zh-TW/resources/guides/fixed-income/fixed-income-intro.html]
[www.proultimatewealth.com/zh-TW/resources/guides/fixed-income/bond-etf.html]
[www.proultimatewealth.com/zh-TW/resources/guides/glossary/0.html]
[www.proultimatewealth.com/zh-TW/resources/guides/glossary/b.html]
[www.proultimatewealth.com/zh-TW/resources/guides/glossary/c.html]
[www.proultimatewealth.com/zh-TW/resources/guides/glossary/d.html]
[www.proultimatewealth.com/zh-TW/resources/guides/glossary/e.html]
[www.proultimatewealth.com/zh-TW/resources/guides/glossary/f.html]
[www.proultimatewealth.com/zh-TW/resources/guides/glossary/g.html]
[www.proultimatewealth.com/zh-TW/resources/guides/glossary/h.html]
[www.proultimatewealth.com/zh-TW/resources/guides/glossary/i.html]
[www.proultimatewealth.com/zh-TW/resources/guides/glossary/j.html]
[www.proultimatewealth.com/zh-TW/resources/guides/glossary/k.html]
[www.proultimatewealth.com/zh-TW/resources/guides/glossary/l.html]
[www.proultimatewealth.com/zh-TW/resources/guides/glossary/m.html]
[www.proultimatewealth.com/zh-TW/resources/guides/glossary/n.html]
[www.proultimatewealth.com/zh-TW/resources/guides/glossary/o.html]
[www.proultimatewealth.com/zh-TW/resources/guides/glossary/p.html]
[www.proultimatewealth.com/zh-TW/resources/guides/glossary/q.html]
[www.proultimatewealth.com/zh-TW/resources/guides/glossary/r.html]
[www.proultimatewealth.com/zh-TW/resources/guides/glossary/s.html]
[www.proultimatewealth.com/zh-TW/resources/guides/glossary/t.html]
[www.proultimatewealth.com/zh-TW/resources/guides/glossary/u.html]
[www.proultimatewealth.com/zh-TW/resources/guides/glossary/v.html]
[www.proultimatewealth.com/zh-TW/resources/guides/glossary/w.html]
[www.proultimatewealth.com/zh-TW/resources/guides/glossary/x.html]
[www.proultimatewealth.com/zh-TW/resources/guides/glossary/y.html]
[www.proultimatewealth.com/zh-TW/resources/guides/glossary/a.html]
[www.proultimatewealth.com/resources/guides/stocks/investing-stocks.html]
[www.proultimatewealth.com/resources/guides/stocks/important-facts-stocks.html]
[www.proultimatewealth.com/resources/guides/stocks/useful-knowledge.html]
[www.proultimatewealth.com/resources/guides/options/introduction-options.html]
[www.proultimatewealth.com/zh-TW/resources/guides/glossary/z.html]
[ft-strapi.s3.us-east-2.amazonaws.com/options_pricing_chart_7c56221025.gif]
[www.proultimatewealth.com/resources/guides/options/options-pricing.html]
[www.proultimatewealth.com/resources/guides/options/benefits-risks.html]
[ft-strapi.s3.us-east-2.amazonaws.com/oic_guide_investing_options_cadaf47759.png]
[ft-strapi.s3.us-east-2.amazonaws.com/options_strategies_quick_guide_4e0a029b0e.png]
[www.proultimatewealth.com/resources/guides/options/options-ebooks.html]
[www.proultimatewealth.com/resources/guides/options/options-calculators.html]
[www.proultimatewealth.com/_next/static/css/0cfb1a843f41c21c.css]
[www.proultimatewealth.com/resources/guides/glossary/0.html]
[www.proultimatewealth.com/resources/guides/glossary/b.html]
[www.proultimatewealth.com/resources/guides/glossary/c.html]
[www.proultimatewealth.com/resources/guides/glossary/d.html]
[www.proultimatewealth.com/resources/guides/glossary/e.html]
[www.proultimatewealth.com/resources/guides/glossary/f.html]
[www.proultimatewealth.com/resources/guides/glossary/g.html]
[www.proultimatewealth.com/resources/guides/glossary/h.html]
[www.proultimatewealth.com/resources/guides/glossary/i.html]
[www.proultimatewealth.com/resources/guides/glossary/j.html]
[www.proultimatewealth.com/resources/guides/glossary/k.html]
[www.proultimatewealth.com/resources/guides/glossary/l.html]
[www.proultimatewealth.com/resources/guides/glossary/m.html]
[www.proultimatewealth.com/resources/guides/glossary/n.html]
[www.proultimatewealth.com/resources/guides/glossary/o.html]
[www.proultimatewealth.com/resources/guides/glossary/p.html]
[www.proultimatewealth.com/resources/guides/glossary/q.html]
[www.proultimatewealth.com/resources/guides/glossary/r.html]
[www.proultimatewealth.com/resources/guides/glossary/s.html]
[www.proultimatewealth.com/resources/guides/glossary/t.html]
[www.proultimatewealth.com/resources/guides/glossary/u.html]
[www.proultimatewealth.com/resources/guides/glossary/v.html]
[www.proultimatewealth.com/resources/guides/glossary/w.html]
[www.proultimatewealth.com/resources/guides/glossary/x.html]
[www.proultimatewealth.com/resources/guides/glossary/y.html]
[www.proultimatewealth.com/resources/guides/glossary/z.html]
[ft-strapi.s3.us-east-2.amazonaws.com/investing_stocks_1_abca63ebd0.jpg]
[ft-strapi.s3.us-east-2.amazonaws.com/investing_stocks_2_d38e4aee30.jpg]
[ft-strapi.s3.us-east-2.amazonaws.com/investing_stocks_3_bcbfd47267.jpg]
[www.proultimatewealth.com/zh-CN/resources/guides/stocks/investing-stocks.html]
[www.proultimatewealth.com/zh-CN/resources/guides/stocks/important-facts-stocks.html]
[www.proultimatewealth.com/zh-CN/resources/guides/stocks/useful-knowledge.html]
[ft-strapi.s3.us-east-2.amazonaws.com/gics_1_84815b7fc6.jpg]
[ft-strapi.s3.us-east-2.amazonaws.com/gics_2_bfaf6191e3.jpg]
[www.proultimatewealth.com/zh-CN/resources/guides/stocks/gics.html]
[ft-strapi.s3.us-east-2.amazonaws.com/image3_3c569e98df.jpg]
[ft-strapi.s3.us-east-2.amazonaws.com/image1_45c106fd49.jpg]
[ft-strapi.s3.us-east-2.amazonaws.com/image2_84e8c67497.jpg]
[www.proultimatewealth.com/zh-CN/resources/guides/stocks/tips.html]
[ft-strapi.s3.us-east-2.amazonaws.com/image2_cfe311e6a5.jpg]
[ft-strapi.s3.us-east-2.amazonaws.com/image3_25bd367190.jpg]
[ft-strapi.s3.us-east-2.amazonaws.com/image1_4b1668e684.jpg]
[www.proultimatewealth.com/zh-CN/resources/guides/stocks/investment.html]
[ft-strapi.s3.us-east-2.amazonaws.com/make_money1_ebf697ee88.jpg]
[ft-strapi.s3.us-east-2.amazonaws.com/make_money2_4ad26b89a5.jpg]
[ft-strapi.s3.us-east-2.amazonaws.com/make_money3_3f862ae3b8.jpg]
[www.proultimatewealth.com/zh-CN/resources/guides/stocks/make-money.html]
[ft-strapi.s3.us-east-2.amazonaws.com/debit_1_8286eeceb8.jpg]
[ft-strapi.s3.us-east-2.amazonaws.com/debit_3_0168afde8b.jpg]
[ft-strapi.s3.us-east-2.amazonaws.com/debit_2_d8e83a4b33.jpg]
[www.proultimatewealth.com/zh-CN/resources/guides/stocks/debit.html]
[ft-strapi.s3.us-east-2.amazonaws.com/international_withdrawal1_745e11141a.jpg]
[ft-strapi.s3.us-east-2.amazonaws.com/international_withdrawal2_dccfdab432.jpg]
[ft-strapi.s3.us-east-2.amazonaws.com/international_withdrawal3_5be14ae2e7.jpg]
[www.proultimatewealth.com/zh]
[ft-strapi.s3.us-east-2.amazonaws.com/international_withdrawal4_9a38748957.jpg]
[www.proultimatewealth.com/zh-CN/resources/guides/stocks/international-withdrawal.html]
[ft-strapi.s3.us-east-2.amazonaws.com/image2_ce55d4ad93.jpg]
[ft-strapi.s3.us-east-2.amazonaws.com/image3_d6acc43cd3.jpg]
[ft-strapi.s3.us-east-2.amazonaws.com/image1_b44b2906c0.jpg]
[www.proultimatewealth.com/zh-CN/resources/guides/stocks/bondfund.html]
[ft-strapi.s3.us-east-2.amazonaws.com/07_3_febc0420d3.jpg]
[ft-strapi.s3.us-east-2.amazonaws.com/07_1_d11cebc0a2.jpg]
[ft-strapi.s3.us-east-2.amazonaws.com/07_2_e3afbaf62e.jpg]
[www.proultimatewealth.com/zh-CN/resources/guides/stocks/financialmanagement.html]
[ft-strapi.s3.us-east-2.amazonaws.com/stockinvesting_1_dc8480d0c3.jpg]
[ft-strapi.s3.us-east-2.amazonaws.com/stockinvesting_2_658f221887.jpg]
[ft-strapi.s3.us-east-2.amazonaws.com/stockinvesting_3_e6038ec8bd.jpg]
[www.proultimatewealth.com/zh-CN/resources/guides/stocks/stockinvesting.html]
[www.proultimatewealth.com/zh-CN/resources/guides/options/introduction-options.html]
[www.proultimatewealth.com/zh-CN/resources/guides/options/options-pricing.html]
[www.proultimatewealth.com/zh-CN/resources/guides/options/benefits-risks.html]
[www.proultimatewealth.com/zh-CN/resources/guides/options/options-ebooks.html]
[www.proultimatewealth.com/zh-CN/resources/guides/options/options-calculators.html]
[ft-strapi.s3.us-east-2.amazonaws.com/etf_1_37e8e4f1de.jpg]
[ft-strapi.s3.us-east-2.amazonaws.com/etf_2_35d0a6b719.jpg]
[ft-strapi.s3.us-east-2.amazonaws.com/etf_3_41db869b35.jpg]
[www.proultimatewealth.com/zh-CN/resources/guides/etfs/buying.html]
[ft-strapi.s3.us-east-2.amazonaws.com/etf_dividends1_3006de0ece.jpg]
[ft-strapi.s3.us-east-2.amazonaws.com/etf_dividends2_37f73108cf.jpg]
[ft-strapi.s3.us-east-2.amazonaws.com/etf_dividends3_21bc4558f2.jpg]
[www.proultimatewealth.com/zh-CN/resources/guides/etfs/etf-dividends.html]
[ft-strapi.s3.us-east-2.amazonaws.com/investing_1_16f6bfde27.jpg]
[ft-strapi.s3.us-east-2.amazonaws.com/investing_2_14e5293cc6.jpg]
[www.proultimatewealth.com/zh-CN/resources/guides/mutual-funds/investing.html]
[ft-strapi.s3.us-east-2.amazonaws.com/guideentrymutualfund_1_a8bb27cc0a.jpg]
[ft-strapi.s3.us-east-2.amazonaws.com/guideentrymutualfund_2_b4cfb3332e.jpg]
[ft-strapi.s3.us-east-2.amazonaws.com/guideentrymutualfund_3_bb69074d34.jpg]
[www.proultimatewealth.com/zh-CN/resources/guides/mutualfunds/investing]
[www.proultimatewealth.com/zh-CN/resources/guides/mutualfunds/tips]
[www.proultimatewealth.com/zh-CN/resources/guides/mutualfunds/guidesfixedincome]
[www.proultimatewealth.com/zh-CN/resources/guides/mutual-funds/guideentrymutualfund.html]
[ft-strapi.s3.us-east-2.amazonaws.com/guidemutualfundtype_1_9512d49d0d.jpg]
[ft-strapi.s3.us-east-2.amazonaws.com/guidemutualfundtype_2_432e1af9b4.jpg]
[ft-strapi.s3.us-east-2.amazonaws.com/guidemutualfundtype_3_6e6cfb36c5.jpg]
[www.proultimatewealth.com/zh-CN/resources/guides/mutual-funds/guidemutualfundtype.html]
[www.proultimatewealth.com/zh-CN/resources/guides/mutual-funds/investing498a.html]
[ft-strapi.s3.us-east-2.amazonaws.com/bondfund_1_03ce2c0545.jpg]
[ft-strapi.s3.us-east-2.amazonaws.com/bondfund_2_ea6efbd2ea.jpg]
[ft-strapi.s3.us-east-2.amazonaws.com/bondfund_3_9ad201125f.png]
[www.proultimatewealth.com/zh-CN/resources/guides/fixed-income/bondfund.html]
[ft-strapi.s3.us-east-2.amazonaws.com/bond_etf_1_443ec0b08e.png]
[ft-strapi.s3.us-east-2.amazonaws.com/bond_etf_2_def18c7975.png]
[ft-strapi.s3.us-east-2.amazonaws.com/bond_etf_3_f1c1342f71.png]
[ft-strapi.s3.us-east-2.amazonaws.com/bond_etf_4_8e860b3cb5.png]
[www.proultimatewealth.com/zh-CN/resources/guides/fixed-income/bond-etf.html]
[www.proultimatewealth.com/zh-CN/resources/guides/glossary/0.html]
[www.proultimatewealth.com/zh-CN/resources/guides/glossary/b.html]
[www.proultimatewealth.com/zh-CN/resources/guides/glossary/c.html]
[www.proultimatewealth.com/zh-CN/resources/guides/glossary/d.html]
[www.proultimatewealth.com/zh-CN/resources/guides/glossary/e.html]
[www.proultimatewealth.com/zh-CN/resources/guides/glossary/f.html]
[www.proultimatewealth.com/zh-CN/resources/guides/glossary/g.html]
[www.proultimatewealth.com/zh-CN/resources/guides/glossary/h.html]
[www.proultimatewealth.com/zh-CN/resources/guides/glossary/i.html]
[www.proultimatewealth.com/zh-CN/resources/guides/glossary/j.html]
[www.proultimatewealth.com/zh-CN/resources/guides/glossary/k.html]
[www.proultimatewealth.com/zh-CN/resources/guides/glossary/l.html]
[www.proultimatewealth.com/zh-CN/resources/guides/glossary/m.html]
[www.proultimatewealth.com/zh-CN/resources/guides/glossary/n.html]
[www.proultimatewealth.com/zh-CN/resources/guides/glossary/o.html]
[www.proultimatewealth.com/zh-CN/resources/guides/glossary/p.html]
[www.proultimatewealth.com/zh-CN/resources/guides/glossary/q.html]
[www.proultimatewealth.com/zh-CN/resources/guides/glossary/r.html]
[www.proultimatewealth.com/zh-CN/resources/guides/glossary/s.html]
[www.proultimatewealth.com/zh-CN/resources/guides/glossary/t.html]
[www.proultimatewealth.com/zh-CN/resources/guides/glossary/u.html]
[www.proultimatewealth.com/zh-CN/resources/guides/glossary/v.html]
[www.proultimatewealth.com/zh-CN/resources/guides/glossary/w.html]
[www.proultimatewealth.com/zh-CN/resources/guides/glossary/x.html]
[www.proultimatewealth.com/zh-CN/resources/guides/glossary/y.html]
[www.proultimatewealth.com/zh-CN/resources/guides/glossary/z.html]
[www.proultimatewealth.com/zh-TW/resources/guides/stocks/investing-stocks.html]
[www.proultimatewealth.com/zh-TW/resources/guides/stocks/important-facts-stocks.html]
[www.proultimatewealth.com/zh-TW/resources/guides/stocks/useful-knowledge.html]
[www.proultimatewealth.com/zh-TW/resources/guides/stocks/gics.html]
[www.proultimatewealth.com/zh-TW/resources/guides/stocks/tips.html]
[www.proultimatewealth.com/zh-TW/resources/guides/stocks/investment.html]
[www.proultimatewealth.com/zh-TW/resources/guides/stocks/make-money.html]
[www.proultimatewealth.com/zh-TW/resources/guides/stocks/debit.html]
[www.proultimatewealth.com/zh-TW/resources/guides/stocks/international-withdrawal.html]
[www.proultimatewealth.com/zh-TW/landing/cma.html]
[www.proultimatewealth.com/zh-TW/resources/guides/stocks/bondfund.html]
[www.proultimatewealth.com/zh-TW/resources/guides/stocks/financialmanagement.html]
[www.proultimatewealth.com/zh-TW/resources/guides/stocks/stockinvesting.html]
[www.proultimatewealth.com/zh-TW/resources/guides/options/introduction-options.html]
[www.proultimatewealth.com/zh-TW/resources/guides/options/options-pricing.html]
[www.proultimatewealth.com/zh-TW/resources/guides/options/benefits-risks.html]
[www.proultimatewealth.com/zh-TW/resources/guides/options/options-ebooks.html]
[www.proultimatewealth.com/zh-TW/resources/guides/options/options-calculators.html]
[www.proultimatewealth.com/zh-TW/resources/guides/etfs/buying.html]
[www.proultimatewealth.com/zh-TW/resources/guides/etfs/etf-dividends.html]
[www.proultimatewealth.com/zh-TW/resources/guides/mutual-funds/investing.html]
[www.proultimatewealth.com/zh-TW/resources/guides/mutualfunds/investing]
[www.proultimatewealth.com/zh-TW/resources/guides/mutualfunds/tips]
[www.proultimatewealth.com/zh-TW/resources/guides/mutualfunds/guidesfixedincome]
[www.proultimatewealth.com/zh-TW/resources/guides/mutual-funds/guideentrymutualfund.html]
[www.proultimatewealth.com/zh-TW/resources/guides/mutual-funds/guidemutualfundtype.html]
[www.proultimatewealth.com/zh-TW/resources/guides/fixed-income/bondfund.html]
[www.proultimatewealth.com/zh-TW/resources/guides/mutual-funds/investing498a.html]
[www.proultimatewealth.com/zh-TW/resources/guides/fixed-income/bond-etf.html]
[www.proultimatewealth.com/zh-TW/resources/guides/glossary/0.html]
[www.proultimatewealth.com/zh-TW/resources/guides/glossary/b.html]
[www.proultimatewealth.com/zh-TW/resources/guides/glossary/c.html]
[www.proultimatewealth.com/zh-TW/resources/guides/glossary/d.html]
[www.proultimatewealth.com/zh-TW/resources/guides/glossary/e.html]
[www.proultimatewealth.com/zh-TW/resources/guides/glossary/f.html]
[www.proultimatewealth.com/zh-TW/resources/guides/glossary/g.html]
[www.proultimatewealth.com/zh-TW/resources/guides/glossary/h.html]
[www.proultimatewealth.com/zh-TW/resources/guides/glossary/i.html]
[www.proultimatewealth.com/zh-TW/resources/guides/glossary/j.html]
[www.proultimatewealth.com/zh-TW/resources/guides/glossary/k.html]
[www.proultimatewealth.com/zh-TW/resources/guides/glossary/l.html]
[www.proultimatewealth.com/zh-TW/resources/guides/glossary/m.html]
[www.proultimatewealth.com/zh-TW/resources/guides/glossary/n.html]
[www.proultimatewealth.com/zh-TW/resources/guides/glossary/o.html]
[www.proultimatewealth.com/zh-TW/resources/guides/glossary/p.html]
[www.proultimatewealth.com/zh-TW/resources/guides/glossary/q.html]
[www.proultimatewealth.com/zh-TW/resources/guides/glossary/r.html]
[www.proultimatewealth.com/zh-TW/resources/guides/glossary/s.html]
[www.proultimatewealth.com/zh-TW/resources/guides/glossary/t.html]
[www.proultimatewealth.com/zh-TW/resources/guides/glossary/u.html]
[www.proultimatewealth.com/zh-TW/resources/guides/glossary/v.html]
[www.proultimatewealth.com/zh-TW/resources/guides/glossary/w.html]
[www.proultimatewealth.com/zh-TW/resources/guides/glossary/x.html]
[www.proultimatewealth.com/zh-TW/resources/guides/glossary/y.html]
[www.proultimatewealth.com/zh-TW/resources/guides/glossary/z.html]
[www.proultimatewealth.com/zh.html]
[www.proultimatewealth.com/zh-CN/resources/guides/mutualfunds/investing.html]
[www.proultimatewealth.com/zh-CN/resources/guides/mutualfunds/tips.html]
[www.proultimatewealth.com/zh-CN/resources/guides/mutualfunds/guidesfixedincome.html]
[www.proultimatewealth.com/zh-CN/resources/guides/mutual-funds/investing498a.html]
[www.proultimatewealth.com/landing/cma.html]
[www.proultimatewealth.com/zh-CN/landing/cma.html]
[www.proultimatewealth.com/_next/static/css/a31b7a34183c5b8c.css]
[www.proultimatewealth.com/_next/static/chunks/5695-31de907c90de1b8f.js]
[www.proultimatewealth.com/_next/static/chunks/pages/landing/cma-cbd12a91fcc73f37.js]
[www.proultimatewealth.com/_next/icon-lg_sipcd3d9.png]
[www.proultimatewealth.com/_next/icon-lg_pricing25e2.png]
[www.proultimatewealth.com/_next/static/media/icon_fullsuite.fd87c693.svg]
[www.proultimatewealth.com/_next/icon-lg_ideas3886.png]
[www.proultimatewealth.com/zh-TW/landing/cma.html]
[www.proultimatewealth.com/zh-TW/resources/guides/mutualfunds/investing.html]
[www.proultimatewealth.com/zh-TW/resources/guides/mutualfunds/tips.html]
[www.proultimatewealth.com/zh-TW/resources/guides/mutualfunds/guidesfixedincome.html]
[www.proultimatewealth.com/forms/zh-tw/cash_management_application_domes39a5.pdf]
[www.proultimatewealth.com/zh-TW/resources/guides/mutual-funds/investing498a.html]
[www.proultimatewealth.com/_next/icon-lg_pricingf4e6.png]
[www.proultimatewealth.com/forms/zh-tw/cash_management_application_intl348e.pdf]
[www.proultimatewealth.com/landing/cma.html]
[www.proultimatewealth.com/forms/en-us/cash_management_application_domes39a5.pdf]
[www.proultimatewealth.com/forms/en-us/cash_management_application_intl348e.pdf]
[www.proultimatewealth.com/zh-CN/landing/cma.html]
[www.proultimatewealth.com/_next/static/css/a31b7a34183c5b8c.css]
[www.proultimatewealth.com/_next/static/media/icon_fullsuite.fd87c693.svg]
[www.proultimatewealth.com/forms/zh-cn/cash_management_application_domes39a5.pdf]
[www.proultimatewealth.com/forms/zh-cn/cash_management_application_intl348e.pdf]
